mode: set
github.com/swcrbt/ai-ide/pkg/mcp/framework.go:28.38,32.2 1 1
github.com/swcrbt/ai-ide/pkg/mcp/framework.go:36.50,41.40 4 1
github.com/swcrbt/ai-ide/pkg/mcp/framework.go:41.40,43.3 1 1
github.com/swcrbt/ai-ide/pkg/mcp/framework.go:45.2,46.12 2 1
github.com/swcrbt/ai-ide/pkg/mcp/framework.go:50.48,55.2 3 1
github.com/swcrbt/ai-ide/pkg/mcp/framework.go:59.55,64.13 4 1
github.com/swcrbt/ai-ide/pkg/mcp/framework.go:64.13,66.3 1 1
github.com/swcrbt/ai-ide/pkg/mcp/framework.go:68.2,68.18 1 1
github.com/swcrbt/ai-ide/pkg/mcp/framework.go:72.40,77.28 4 1
github.com/swcrbt/ai-ide/pkg/mcp/framework.go:77.28,79.3 1 1
github.com/swcrbt/ai-ide/pkg/mcp/framework.go:81.2,81.14 1 1
github.com/swcrbt/ai-ide/pkg/mcp/framework.go:86.55,91.34 4 1
github.com/swcrbt/ai-ide/pkg/mcp/framework.go:91.34,93.3 1 1
github.com/swcrbt/ai-ide/pkg/mcp/framework.go:95.2,95.15 1 1
github.com/swcrbt/ai-ide/pkg/mcp/framework.go:99.36,104.2 3 1
github.com/swcrbt/ai-ide/pkg/mcp/framework.go:130.70,132.16 2 1
github.com/swcrbt/ai-ide/pkg/mcp/framework.go:132.16,138.3 1 1
github.com/swcrbt/ai-ide/pkg/mcp/framework.go:140.2,141.16 2 1
github.com/swcrbt/ai-ide/pkg/mcp/framework.go:141.16,148.3 1 0
github.com/swcrbt/ai-ide/pkg/mcp/framework.go:150.2,154.3 1 1
github.com/swcrbt/ai-ide/pkg/mcp/framework.go:159.77,168.37 3 1
github.com/swcrbt/ai-ide/pkg/mcp/framework.go:168.37,172.17 2 1
github.com/swcrbt/ai-ide/pkg/mcp/framework.go:172.17,175.4 2 1
github.com/swcrbt/ai-ide/pkg/mcp/framework.go:178.2,178.21 1 1
github.com/swcrbt/ai-ide/pkg/mcp/framework.go:178.21,184.3 1 0
github.com/swcrbt/ai-ide/pkg/mcp/framework.go:186.2,186.32 1 1
github.com/swcrbt/ai-ide/pkg/mcp/framework.go:190.53,194.15 3 1
github.com/swcrbt/ai-ide/pkg/mcp/framework.go:194.15,196.3 1 1
github.com/swcrbt/ai-ide/pkg/mcp/framework.go:199.2,200.20 2 1
github.com/swcrbt/ai-ide/pkg/mcp/framework.go:200.20,202.3 1 0
github.com/swcrbt/ai-ide/pkg/mcp/framework.go:204.2,208.38 3 1
github.com/swcrbt/ai-ide/pkg/mcp/framework.go:208.38,210.19 2 1
github.com/swcrbt/ai-ide/pkg/mcp/framework.go:210.19,212.4 1 1
github.com/swcrbt/ai-ide/pkg/mcp/framework.go:215.2,215.11 1 0
github.com/swcrbt/ai-ide/pkg/mcp/framework.go:219.66,224.15 3 1
github.com/swcrbt/ai-ide/pkg/mcp/framework.go:224.15,226.3 1 0
github.com/swcrbt/ai-ide/pkg/mcp/framework.go:229.2,230.20 2 1
github.com/swcrbt/ai-ide/pkg/mcp/framework.go:230.20,232.3 1 0
github.com/swcrbt/ai-ide/pkg/mcp/framework.go:234.2,238.36 3 1
github.com/swcrbt/ai-ide/pkg/mcp/framework.go:238.36,242.29 3 1
github.com/swcrbt/ai-ide/pkg/mcp/framework.go:242.29,243.17 1 1
github.com/swcrbt/ai-ide/pkg/mcp/framework.go:243.17,245.5 1 1
github.com/swcrbt/ai-ide/pkg/mcp/framework.go:245.10,245.24 1 1
github.com/swcrbt/ai-ide/pkg/mcp/framework.go:245.24,247.19 2 1
github.com/swcrbt/ai-ide/pkg/mcp/framework.go:247.19,249.11 2 1
github.com/swcrbt/ai-ide/pkg/mcp/framework.go:254.3,254.19 1 1
github.com/swcrbt/ai-ide/pkg/mcp/framework.go:254.19,258.31 3 1
github.com/swcrbt/ai-ide/pkg/mcp/framework.go:258.31,260.19 2 1
github.com/swcrbt/ai-ide/pkg/mcp/framework.go:260.19,261.14 1 0
github.com/swcrbt/ai-ide/pkg/mcp/framework.go:264.5,265.21 2 1
github.com/swcrbt/ai-ide/pkg/mcp/framework.go:265.21,266.14 1 0
github.com/swcrbt/ai-ide/pkg/mcp/framework.go:269.5,273.71 3 1
github.com/swcrbt/ai-ide/pkg/mcp/framework.go:273.71,275.6 1 1
github.com/swcrbt/ai-ide/pkg/mcp/framework.go:275.11,275.31 1 1
github.com/swcrbt/ai-ide/pkg/mcp/framework.go:275.31,277.6 1 0
github.com/swcrbt/ai-ide/pkg/mcp/framework.go:277.11,277.32 1 1
github.com/swcrbt/ai-ide/pkg/mcp/framework.go:277.32,279.6 1 0
github.com/swcrbt/ai-ide/pkg/mcp/framework.go:279.11,279.89 1 1
github.com/swcrbt/ai-ide/pkg/mcp/framework.go:279.89,284.6 3 1
github.com/swcrbt/ai-ide/pkg/mcp/framework.go:284.11,286.6 1 0
github.com/swcrbt/ai-ide/pkg/mcp/framework.go:291.2,291.13 1 1
github.com/swcrbt/ai-ide/pkg/mcp/framework.go:303.35,305.2 1 1
github.com/swcrbt/ai-ide/pkg/mcp/framework.go:308.50,313.2 1 1
github.com/swcrbt/ai-ide/pkg/mcp/framework.go:331.62,336.34 4 1
github.com/swcrbt/ai-ide/pkg/mcp/framework.go:336.34,341.3 1 1
github.com/swcrbt/ai-ide/pkg/mcp/framework.go:343.2,343.20 1 1
github.com/swcrbt/ai-ide/pkg/mcp/framework.go:356.42,358.2 1 1
github.com/swcrbt/ai-ide/app.go:23.20,29.2 1 1
github.com/swcrbt/ai-ide/app.go:33.44,37.46 2 0
github.com/swcrbt/ai-ide/app.go:37.46,39.3 1 0
github.com/swcrbt/ai-ide/app.go:42.2,43.16 2 0
github.com/swcrbt/ai-ide/app.go:43.16,45.3 1 0
github.com/swcrbt/ai-ide/app.go:45.8,47.3 1 0
github.com/swcrbt/ai-ide/app.go:50.2,50.30 1 0
github.com/swcrbt/ai-ide/app.go:50.30,52.3 1 0
github.com/swcrbt/ai-ide/app.go:56.41,58.2 1 1
github.com/swcrbt/ai-ide/app.go:61.45,63.16 2 0
github.com/swcrbt/ai-ide/app.go:63.16,65.3 1 0
github.com/swcrbt/ai-ide/app.go:67.2,68.16 2 0
github.com/swcrbt/ai-ide/app.go:68.16,70.3 1 0
github.com/swcrbt/ai-ide/app.go:72.2,72.26 1 0
github.com/swcrbt/ai-ide/app.go:76.55,78.72 2 1
github.com/swcrbt/ai-ide/app.go:78.72,80.3 1 1
github.com/swcrbt/ai-ide/app.go:82.2,82.54 1 0
github.com/swcrbt/ai-ide/app.go:82.54,84.3 1 0
github.com/swcrbt/ai-ide/app.go:86.2,86.12 1 0
github.com/swcrbt/ai-ide/app.go:90.37,91.47 1 0
github.com/swcrbt/ai-ide/app.go:91.47,93.3 1 0
github.com/swcrbt/ai-ide/app.go:94.2,94.12 1 0
github.com/swcrbt/ai-ide/main.go:14.13,35.16 3 0
github.com/swcrbt/ai-ide/main.go:35.16,37.3 1 0
github.com/swcrbt/ai-ide/internal/config/database.go:16.27,19.16 2 1
github.com/swcrbt/ai-ide/internal/config/database.go:19.16,21.3 1 0
github.com/swcrbt/ai-ide/internal/config/database.go:24.2,25.50 2 1
github.com/swcrbt/ai-ide/internal/config/database.go:25.50,27.3 1 0
github.com/swcrbt/ai-ide/internal/config/database.go:30.2,34.16 3 1
github.com/swcrbt/ai-ide/internal/config/database.go:34.16,36.3 1 0
github.com/swcrbt/ai-ide/internal/config/database.go:39.2,39.34 1 1
github.com/swcrbt/ai-ide/internal/config/database.go:39.34,41.3 1 0
github.com/swcrbt/ai-ide/internal/config/database.go:43.2,46.34 2 1
github.com/swcrbt/ai-ide/internal/config/database.go:46.34,48.3 1 0
github.com/swcrbt/ai-ide/internal/config/database.go:50.2,50.12 1 1
github.com/swcrbt/ai-ide/internal/config/database.go:54.22,63.50 2 1
github.com/swcrbt/ai-ide/internal/config/database.go:63.50,65.3 1 0
github.com/swcrbt/ai-ide/internal/config/database.go:68.2,77.50 2 1
github.com/swcrbt/ai-ide/internal/config/database.go:77.50,79.3 1 0
github.com/swcrbt/ai-ide/internal/config/database.go:82.2,92.54 2 1
github.com/swcrbt/ai-ide/internal/config/database.go:92.54,94.3 1 0
github.com/swcrbt/ai-ide/internal/config/database.go:97.2,108.55 2 1
github.com/swcrbt/ai-ide/internal/config/database.go:108.55,110.3 1 0
github.com/swcrbt/ai-ide/internal/config/database.go:113.2,113.123 1 1
github.com/swcrbt/ai-ide/internal/config/database.go:113.123,115.3 1 0
github.com/swcrbt/ai-ide/internal/config/database.go:117.2,117.12 1 1
github.com/swcrbt/ai-ide/internal/config/database.go:121.28,122.15 1 1
github.com/swcrbt/ai-ide/internal/config/database.go:122.15,124.3 1 1
github.com/swcrbt/ai-ide/internal/config/database.go:125.2,125.12 1 1
github.com/swcrbt/ai-ide/internal/config/settings.go:51.33,82.2 1 1
github.com/swcrbt/ai-ide/internal/config/settings.go:85.38,90.16 3 1
github.com/swcrbt/ai-ide/internal/config/settings.go:90.16,92.3 1 0
github.com/swcrbt/ai-ide/internal/config/settings.go:93.2,97.18 3 1
github.com/swcrbt/ai-ide/internal/config/settings.go:97.18,99.49 2 1
github.com/swcrbt/ai-ide/internal/config/settings.go:99.49,100.12 1 0
github.com/swcrbt/ai-ide/internal/config/settings.go:102.3,102.22 1 1
github.com/swcrbt/ai-ide/internal/config/settings.go:106.2,106.34 1 1
github.com/swcrbt/ai-ide/internal/config/settings.go:106.34,108.3 1 1
github.com/swcrbt/ai-ide/internal/config/settings.go:109.2,109.37 1 1
github.com/swcrbt/ai-ide/internal/config/settings.go:109.37,111.3 1 1
github.com/swcrbt/ai-ide/internal/config/settings.go:112.2,112.37 1 1
github.com/swcrbt/ai-ide/internal/config/settings.go:112.37,114.3 1 1
github.com/swcrbt/ai-ide/internal/config/settings.go:115.2,115.35 1 1
github.com/swcrbt/ai-ide/internal/config/settings.go:115.35,117.60 2 1
github.com/swcrbt/ai-ide/internal/config/settings.go:117.60,119.4 1 1
github.com/swcrbt/ai-ide/internal/config/settings.go:121.2,121.37 1 1
github.com/swcrbt/ai-ide/internal/config/settings.go:121.37,123.62 2 1
github.com/swcrbt/ai-ide/internal/config/settings.go:123.62,125.4 1 1
github.com/swcrbt/ai-ide/internal/config/settings.go:127.2,127.31 1 1
github.com/swcrbt/ai-ide/internal/config/settings.go:127.31,129.56 2 1
github.com/swcrbt/ai-ide/internal/config/settings.go:129.56,131.4 1 1
github.com/swcrbt/ai-ide/internal/config/settings.go:134.2,134.22 1 1
github.com/swcrbt/ai-ide/internal/config/settings.go:138.44,141.16 2 1
github.com/swcrbt/ai-ide/internal/config/settings.go:141.16,143.3 1 0
github.com/swcrbt/ai-ide/internal/config/settings.go:144.2,147.65 2 1
github.com/swcrbt/ai-ide/internal/config/settings.go:147.65,149.3 1 0
github.com/swcrbt/ai-ide/internal/config/settings.go:150.2,150.71 1 1
github.com/swcrbt/ai-ide/internal/config/settings.go:150.71,152.3 1 0
github.com/swcrbt/ai-ide/internal/config/settings.go:153.2,153.90 1 1
github.com/swcrbt/ai-ide/internal/config/settings.go:153.90,155.3 1 0
github.com/swcrbt/ai-ide/internal/config/settings.go:158.2,159.16 2 1
github.com/swcrbt/ai-ide/internal/config/settings.go:159.16,161.3 1 0
github.com/swcrbt/ai-ide/internal/config/settings.go:162.2,162.70 1 1
github.com/swcrbt/ai-ide/internal/config/settings.go:162.70,164.3 1 0
github.com/swcrbt/ai-ide/internal/config/settings.go:167.2,168.16 2 1
github.com/swcrbt/ai-ide/internal/config/settings.go:168.16,170.3 1 0
github.com/swcrbt/ai-ide/internal/config/settings.go:171.2,171.74 1 1
github.com/swcrbt/ai-ide/internal/config/settings.go:171.74,173.3 1 0
github.com/swcrbt/ai-ide/internal/config/settings.go:176.2,177.16 2 1
github.com/swcrbt/ai-ide/internal/config/settings.go:177.16,179.3 1 0
github.com/swcrbt/ai-ide/internal/config/settings.go:180.2,180.62 1 1
github.com/swcrbt/ai-ide/internal/config/settings.go:180.62,182.3 1 0
github.com/swcrbt/ai-ide/internal/config/settings.go:184.2,184.36 1 1
github.com/swcrbt/ai-ide/internal/config/settings.go:184.36,186.3 1 0
github.com/swcrbt/ai-ide/internal/config/settings.go:188.2,188.12 1 1
github.com/swcrbt/ai-ide/internal/config/settings.go:192.62,197.54 2 1
github.com/swcrbt/ai-ide/internal/config/settings.go:197.54,199.3 1 0
github.com/swcrbt/ai-ide/internal/config/settings.go:200.2,200.12 1 1
github.com/swcrbt/ai-ide/internal/config/settings.go:204.28,207.2 2 1
github.com/swcrbt/ai-ide/internal/terminal/pty.go:27.20,31.2 1 0
github.com/swcrbt/ai-ide/internal/terminal/pty.go:35.34,37.46 1 0
github.com/swcrbt/ai-ide/internal/terminal/pty.go:37.46,38.43 1 0
github.com/swcrbt/ai-ide/internal/terminal/pty.go:38.43,40.4 1 0
github.com/swcrbt/ai-ide/internal/terminal/pty.go:44.2,44.42 1 0
github.com/swcrbt/ai-ide/internal/terminal/pty.go:44.42,46.31 1 0
github.com/swcrbt/ai-ide/internal/terminal/pty.go:46.31,48.4 1 0
github.com/swcrbt/ai-ide/internal/terminal/pty.go:50.3,50.23 1 0
github.com/swcrbt/ai-ide/internal/terminal/pty.go:50.23,52.67 1 0
github.com/swcrbt/ai-ide/internal/terminal/pty.go:52.67,53.41 1 0
github.com/swcrbt/ai-ide/internal/terminal/pty.go:53.41,55.6 1 0
github.com/swcrbt/ai-ide/internal/terminal/pty.go:61.2,61.18 1 0
github.com/swcrbt/ai-ide/internal/terminal/pty.go:65.41,66.14 1 0
github.com/swcrbt/ai-ide/internal/terminal/pty.go:66.14,68.3 1 0
github.com/swcrbt/ai-ide/internal/terminal/pty.go:70.2,70.17 1 0
github.com/swcrbt/ai-ide/internal/terminal/pty.go:70.17,72.3 1 0
github.com/swcrbt/ai-ide/internal/terminal/pty.go:75.2,87.16 5 0
github.com/swcrbt/ai-ide/internal/terminal/pty.go:87.16,89.3 1 0
github.com/swcrbt/ai-ide/internal/terminal/pty.go:91.2,96.12 3 0
github.com/swcrbt/ai-ide/internal/terminal/pty.go:100.26,102.6 2 0
github.com/swcrbt/ai-ide/internal/terminal/pty.go:102.6,104.17 2 0
github.com/swcrbt/ai-ide/internal/terminal/pty.go:104.17,108.4 2 0
github.com/swcrbt/ai-ide/internal/terminal/pty.go:109.3,109.12 1 0
github.com/swcrbt/ai-ide/internal/terminal/pty.go:109.12,113.11 3 0
github.com/swcrbt/ai-ide/internal/terminal/pty.go:114.30,114.30 0 0
github.com/swcrbt/ai-ide/internal/terminal/pty.go:115.12,117.12 1 0
github.com/swcrbt/ai-ide/internal/terminal/pty.go:118.25,118.25 0 0
github.com/swcrbt/ai-ide/internal/terminal/pty.go:119.13,119.13 0 0
github.com/swcrbt/ai-ide/internal/terminal/pty.go:121.5,121.25 1 0
github.com/swcrbt/ai-ide/internal/terminal/pty.go:128.40,129.18 1 0
github.com/swcrbt/ai-ide/internal/terminal/pty.go:129.18,131.3 1 0
github.com/swcrbt/ai-ide/internal/terminal/pty.go:132.2,132.14 1 0
github.com/swcrbt/ai-ide/internal/terminal/pty.go:132.14,134.3 1 0
github.com/swcrbt/ai-ide/internal/terminal/pty.go:135.2,136.12 2 0
github.com/swcrbt/ai-ide/internal/terminal/pty.go:140.42,142.2 1 0
github.com/swcrbt/ai-ide/internal/terminal/pty.go:145.44,146.18 1 0
github.com/swcrbt/ai-ide/internal/terminal/pty.go:146.18,148.3 1 0
github.com/swcrbt/ai-ide/internal/terminal/pty.go:149.2,152.4 1 0
github.com/swcrbt/ai-ide/internal/terminal/pty.go:156.29,157.14 1 0
github.com/swcrbt/ai-ide/internal/terminal/pty.go:157.14,159.3 1 0
github.com/swcrbt/ai-ide/internal/terminal/pty.go:160.2,163.18 2 0
github.com/swcrbt/ai-ide/internal/terminal/pty.go:163.18,165.3 1 0
github.com/swcrbt/ai-ide/internal/terminal/pty.go:168.2,168.42 1 0
github.com/swcrbt/ai-ide/internal/terminal/pty.go:168.42,173.3 2 0
github.com/swcrbt/ai-ide/internal/terminal/pty.go:175.2,175.12 1 0
github.com/swcrbt/ai-ide/internal/terminal/pty.go:179.32,180.42 1 0
github.com/swcrbt/ai-ide/internal/terminal/pty.go:180.42,182.3 1 0
github.com/swcrbt/ai-ide/internal/terminal/pty.go:184.2,185.19 2 0
github.com/swcrbt/ai-ide/internal/terminal/service.go:42.44,47.2 1 1
github.com/swcrbt/ai-ide/internal/terminal/service.go:51.56,56.2 2 0
github.com/swcrbt/ai-ide/internal/terminal/service.go:59.49,61.77 1 0
github.com/swcrbt/ai-ide/internal/terminal/service.go:61.77,62.21 1 0
github.com/swcrbt/ai-ide/internal/terminal/service.go:62.21,64.4 1 0
github.com/swcrbt/ai-ide/internal/terminal/service.go:65.3,65.25 1 0
github.com/swcrbt/ai-ide/internal/terminal/service.go:69.2,69.78 1 0
github.com/swcrbt/ai-ide/internal/terminal/service.go:69.78,70.20 1 0
github.com/swcrbt/ai-ide/internal/terminal/service.go:70.20,72.4 1 0
github.com/swcrbt/ai-ide/internal/terminal/service.go:73.3,75.17 3 0
github.com/swcrbt/ai-ide/internal/terminal/service.go:75.17,77.4 1 0
github.com/swcrbt/ai-ide/internal/terminal/service.go:81.2,81.77 1 0
github.com/swcrbt/ai-ide/internal/terminal/service.go:81.77,83.3 1 0
github.com/swcrbt/ai-ide/internal/terminal/service.go:87.57,92.16 4 0
github.com/swcrbt/ai-ide/internal/terminal/service.go:92.16,94.3 1 0
github.com/swcrbt/ai-ide/internal/terminal/service.go:96.2,97.26 2 0
github.com/swcrbt/ai-ide/internal/terminal/service.go:98.14,101.17 2 0
github.com/swcrbt/ai-ide/internal/terminal/service.go:101.17,103.4 1 0
github.com/swcrbt/ai-ide/internal/terminal/service.go:103.9,105.4 1 0
github.com/swcrbt/ai-ide/internal/terminal/service.go:106.14,107.12 1 0
github.com/swcrbt/ai-ide/internal/terminal/service.go:108.10,109.9 1 0
github.com/swcrbt/ai-ide/internal/terminal/service.go:112.2,112.41 1 0
github.com/swcrbt/ai-ide/internal/terminal/service.go:112.41,114.3 1 0
github.com/swcrbt/ai-ide/internal/terminal/service.go:118.56,123.16 4 0
github.com/swcrbt/ai-ide/internal/terminal/service.go:123.16,128.3 3 0
github.com/swcrbt/ai-ide/internal/terminal/service.go:130.2,130.47 1 0
github.com/swcrbt/ai-ide/internal/terminal/service.go:130.47,132.3 1 0
github.com/swcrbt/ai-ide/internal/terminal/service.go:136.41,137.19 1 0
github.com/swcrbt/ai-ide/internal/terminal/service.go:137.19,139.3 1 0
github.com/swcrbt/ai-ide/internal/terminal/service.go:140.2,142.44 2 0
github.com/swcrbt/ai-ide/internal/terminal/service.go:142.44,144.3 1 0
github.com/swcrbt/ai-ide/internal/terminal/service.go:148.61,153.18 3 0
github.com/swcrbt/ai-ide/internal/terminal/service.go:153.18,156.3 2 0
github.com/swcrbt/ai-ide/internal/terminal/service.go:159.2,160.41 2 0
github.com/swcrbt/ai-ide/internal/terminal/service.go:160.41,162.3 1 0
github.com/swcrbt/ai-ide/internal/terminal/service.go:165.2,165.44 1 0
github.com/swcrbt/ai-ide/internal/terminal/service.go:165.44,167.3 1 0
github.com/swcrbt/ai-ide/internal/terminal/service.go:169.2,174.12 3 0
github.com/swcrbt/ai-ide/internal/terminal/service.go:178.51,180.31 2 0
github.com/swcrbt/ai-ide/internal/terminal/service.go:180.31,184.3 2 0
github.com/swcrbt/ai-ide/internal/terminal/service.go:187.2,187.53 1 0
github.com/swcrbt/ai-ide/internal/terminal/service.go:191.48,195.18 3 0
github.com/swcrbt/ai-ide/internal/terminal/service.go:195.18,197.3 1 0
github.com/swcrbt/ai-ide/internal/terminal/service.go:199.2,202.12 4 0
github.com/swcrbt/ai-ide/internal/terminal/service.go:206.44,210.18 3 0
github.com/swcrbt/ai-ide/internal/terminal/service.go:210.18,212.3 1 0
github.com/swcrbt/ai-ide/internal/terminal/service.go:213.2,213.26 1 0
github.com/swcrbt/ai-ide/internal/terminal/service.go:217.52,219.30 1 0
github.com/swcrbt/ai-ide/internal/terminal/service.go:219.30,221.3 1 0
github.com/swcrbt/ai-ide/internal/terminal/service.go:222.2,222.20 1 0
github.com/swcrbt/ai-ide/internal/fs/service.go:19.36,23.2 1 1
github.com/swcrbt/ai-ide/internal/fs/service.go:26.56,30.2 3 1
github.com/swcrbt/ai-ide/internal/fs/service.go:34.51,37.16 2 1
github.com/swcrbt/ai-ide/internal/fs/service.go:37.16,39.3 1 0
github.com/swcrbt/ai-ide/internal/fs/service.go:40.2,41.16 2 1
github.com/swcrbt/ai-ide/internal/fs/service.go:41.16,43.3 1 0
github.com/swcrbt/ai-ide/internal/fs/service.go:46.2,52.66 4 1
github.com/swcrbt/ai-ide/internal/fs/service.go:52.66,54.3 1 1
github.com/swcrbt/ai-ide/internal/fs/service.go:55.2,55.14 1 1
github.com/swcrbt/ai-ide/internal/fs/service.go:59.61,61.34 1 1
github.com/swcrbt/ai-ide/internal/fs/service.go:61.34,63.3 1 1
github.com/swcrbt/ai-ide/internal/fs/service.go:66.2,67.16 2 1
github.com/swcrbt/ai-ide/internal/fs/service.go:67.16,69.3 1 1
github.com/swcrbt/ai-ide/internal/fs/service.go:70.2,70.21 1 1
github.com/swcrbt/ai-ide/internal/fs/service.go:74.68,76.34 1 1
github.com/swcrbt/ai-ide/internal/fs/service.go:76.34,78.3 1 1
github.com/swcrbt/ai-ide/internal/fs/service.go:81.2,82.51 2 1
github.com/swcrbt/ai-ide/internal/fs/service.go:82.51,84.3 1 0
github.com/swcrbt/ai-ide/internal/fs/service.go:87.2,87.58 1 1
github.com/swcrbt/ai-ide/internal/fs/service.go:87.58,89.3 1 0
github.com/swcrbt/ai-ide/internal/fs/service.go:90.2,90.12 1 1
github.com/swcrbt/ai-ide/internal/fs/service.go:94.65,96.34 1 1
github.com/swcrbt/ai-ide/internal/fs/service.go:96.34,98.3 1 1
github.com/swcrbt/ai-ide/internal/fs/service.go:100.2,100.11 1 1
github.com/swcrbt/ai-ide/internal/fs/service.go:100.11,102.49 1 1
github.com/swcrbt/ai-ide/internal/fs/service.go:102.49,104.4 1 0
github.com/swcrbt/ai-ide/internal/fs/service.go:105.8,108.52 2 1
github.com/swcrbt/ai-ide/internal/fs/service.go:108.52,110.4 1 0
github.com/swcrbt/ai-ide/internal/fs/service.go:112.3,113.17 2 1
github.com/swcrbt/ai-ide/internal/fs/service.go:113.17,115.4 1 0
github.com/swcrbt/ai-ide/internal/fs/service.go:116.3,116.15 1 1
github.com/swcrbt/ai-ide/internal/fs/service.go:118.2,118.12 1 1
github.com/swcrbt/ai-ide/internal/fs/service.go:122.53,124.34 1 1
github.com/swcrbt/ai-ide/internal/fs/service.go:124.34,126.3 1 1
github.com/swcrbt/ai-ide/internal/fs/service.go:129.2,129.43 1 1
github.com/swcrbt/ai-ide/internal/fs/service.go:129.43,131.3 1 0
github.com/swcrbt/ai-ide/internal/fs/service.go:132.2,132.12 1 1
github.com/swcrbt/ai-ide/internal/fs/service.go:136.65,138.72 1 1
github.com/swcrbt/ai-ide/internal/fs/service.go:138.72,140.3 1 1
github.com/swcrbt/ai-ide/internal/fs/service.go:143.2,144.51 2 1
github.com/swcrbt/ai-ide/internal/fs/service.go:144.51,146.3 1 0
github.com/swcrbt/ai-ide/internal/fs/service.go:149.2,149.52 1 1
github.com/swcrbt/ai-ide/internal/fs/service.go:149.52,151.3 1 0
github.com/swcrbt/ai-ide/internal/fs/service.go:152.2,152.12 1 1
github.com/swcrbt/ai-ide/internal/fs/service.go:156.67,158.34 1 1
github.com/swcrbt/ai-ide/internal/fs/service.go:158.34,160.3 1 1
github.com/swcrbt/ai-ide/internal/fs/service.go:163.2,164.16 2 1
github.com/swcrbt/ai-ide/internal/fs/service.go:164.16,166.3 1 0
github.com/swcrbt/ai-ide/internal/fs/service.go:168.2,168.19 1 1
github.com/swcrbt/ai-ide/internal/fs/service.go:168.19,170.3 1 1
github.com/swcrbt/ai-ide/internal/fs/service.go:173.2,180.46 2 1
github.com/swcrbt/ai-ide/internal/fs/service.go:180.46,182.3 1 0
github.com/swcrbt/ai-ide/internal/fs/service.go:184.2,184.18 1 1
github.com/swcrbt/ai-ide/internal/fs/service.go:188.59,190.16 2 1
github.com/swcrbt/ai-ide/internal/fs/service.go:190.16,192.3 1 0
github.com/swcrbt/ai-ide/internal/fs/service.go:194.2,194.32 1 1
github.com/swcrbt/ai-ide/internal/fs/service.go:194.32,196.17 2 1
github.com/swcrbt/ai-ide/internal/fs/service.go:196.17,197.12 1 0
github.com/swcrbt/ai-ide/internal/fs/service.go:200.3,208.20 2 1
github.com/swcrbt/ai-ide/internal/fs/service.go:208.20,209.49 1 1
github.com/swcrbt/ai-ide/internal/fs/service.go:209.49,211.13 1 0
github.com/swcrbt/ai-ide/internal/fs/service.go:215.3,215.47 1 1
github.com/swcrbt/ai-ide/internal/fs/service.go:218.2,218.12 1 1
github.com/swcrbt/ai-ide/internal/fs/service.go:222.48,226.22 3 1
github.com/swcrbt/ai-ide/internal/fs/service.go:226.22,228.3 1 1
github.com/swcrbt/ai-ide/internal/fs/service.go:230.2,230.47 1 1
github.com/swcrbt/ai-ide/internal/fs/service.go:230.47,232.3 1 1
github.com/swcrbt/ai-ide/internal/fs/service.go:234.2,234.46 1 1
github.com/swcrbt/ai-ide/internal/fs/service.go:234.46,236.3 1 0
github.com/swcrbt/ai-ide/internal/fs/service.go:238.2,239.12 2 1
github.com/swcrbt/ai-ide/internal/fs/service.go:243.50,247.22 3 1
github.com/swcrbt/ai-ide/internal/fs/service.go:247.22,249.3 1 1
github.com/swcrbt/ai-ide/internal/fs/service.go:251.2,251.48 1 1
github.com/swcrbt/ai-ide/internal/fs/service.go:251.48,253.3 1 1
github.com/swcrbt/ai-ide/internal/fs/service.go:255.2,255.48 1 1
github.com/swcrbt/ai-ide/internal/fs/service.go:255.48,257.3 1 0
github.com/swcrbt/ai-ide/internal/fs/service.go:259.2,260.12 2 1
github.com/swcrbt/ai-ide/internal/fs/service.go:264.58,268.22 3 1
github.com/swcrbt/ai-ide/internal/fs/service.go:268.22,270.3 1 0
github.com/swcrbt/ai-ide/internal/fs/service.go:271.2,271.27 1 1
github.com/swcrbt/ai-ide/internal/fs/service.go:275.37,279.22 3 1
github.com/swcrbt/ai-ide/internal/fs/service.go:279.22,281.3 1 1
github.com/swcrbt/ai-ide/internal/fs/service.go:282.2,282.12 1 1
github.com/swcrbt/ai-ide/internal/fs/types.go:39.59,40.49 1 1
github.com/swcrbt/ai-ide/internal/fs/types.go:40.49,42.3 1 1
github.com/swcrbt/ai-ide/internal/fs/types.go:43.2,43.12 1 1
github.com/swcrbt/ai-ide/internal/fs/watcher.go:27.45,29.16 2 1
github.com/swcrbt/ai-ide/internal/fs/watcher.go:29.16,31.3 1 0
github.com/swcrbt/ai-ide/internal/fs/watcher.go:33.2,45.16 4 1
github.com/swcrbt/ai-ide/internal/fs/watcher.go:49.49,50.34 1 1
github.com/swcrbt/ai-ide/internal/fs/watcher.go:50.34,52.3 1 1
github.com/swcrbt/ai-ide/internal/fs/watcher.go:55.2,55.86 1 1
github.com/swcrbt/ai-ide/internal/fs/watcher.go:55.86,56.17 1 1
github.com/swcrbt/ai-ide/internal/fs/watcher.go:56.17,58.4 1 0
github.com/swcrbt/ai-ide/internal/fs/watcher.go:61.3,61.50 1 1
github.com/swcrbt/ai-ide/internal/fs/watcher.go:61.50,64.4 1 0
github.com/swcrbt/ai-ide/internal/fs/watcher.go:66.3,66.13 1 1
github.com/swcrbt/ai-ide/internal/fs/watcher.go:71.51,72.34 1 1
github.com/swcrbt/ai-ide/internal/fs/watcher.go:72.34,74.3 1 1
github.com/swcrbt/ai-ide/internal/fs/watcher.go:76.2,76.32 1 1
github.com/swcrbt/ai-ide/internal/fs/watcher.go:80.50,82.2 1 1
github.com/swcrbt/ai-ide/internal/fs/watcher.go:85.38,87.25 2 1
github.com/swcrbt/ai-ide/internal/fs/watcher.go:87.25,92.39 3 1
github.com/swcrbt/ai-ide/internal/fs/watcher.go:92.39,94.4 1 0
github.com/swcrbt/ai-ide/internal/fs/watcher.go:95.3,103.32 5 1
github.com/swcrbt/ai-ide/internal/fs/watcher.go:105.2,105.17 1 1
github.com/swcrbt/ai-ide/internal/fs/watcher.go:109.40,112.6 2 1
github.com/swcrbt/ai-ide/internal/fs/watcher.go:112.6,113.10 1 1
github.com/swcrbt/ai-ide/internal/fs/watcher.go:114.23,115.10 1 1
github.com/swcrbt/ai-ide/internal/fs/watcher.go:117.41,118.11 1 1
github.com/swcrbt/ai-ide/internal/fs/watcher.go:118.11,120.5 1 0
github.com/swcrbt/ai-ide/internal/fs/watcher.go:121.4,121.33 1 1
github.com/swcrbt/ai-ide/internal/fs/watcher.go:123.39,124.11 1 0
github.com/swcrbt/ai-ide/internal/fs/watcher.go:124.11,126.5 1 0
github.com/swcrbt/ai-ide/internal/fs/watcher.go:128.4,128.11 1 0
github.com/swcrbt/ai-ide/internal/fs/watcher.go:134.66,141.49 3 1
github.com/swcrbt/ai-ide/internal/fs/watcher.go:141.49,143.3 1 1
github.com/swcrbt/ai-ide/internal/fs/watcher.go:143.8,143.54 1 1
github.com/swcrbt/ai-ide/internal/fs/watcher.go:143.54,145.3 1 1
github.com/swcrbt/ai-ide/internal/fs/watcher.go:145.8,145.56 1 1
github.com/swcrbt/ai-ide/internal/fs/watcher.go:145.56,147.3 1 1
github.com/swcrbt/ai-ide/internal/fs/watcher.go:147.8,147.56 1 1
github.com/swcrbt/ai-ide/internal/fs/watcher.go:147.56,149.3 1 0
github.com/swcrbt/ai-ide/internal/fs/watcher.go:149.8,149.54 1 1
github.com/swcrbt/ai-ide/internal/fs/watcher.go:149.54,152.3 1 1
github.com/swcrbt/ai-ide/internal/fs/watcher.go:152.8,154.3 1 0
github.com/swcrbt/ai-ide/internal/fs/watcher.go:157.2,160.50 2 1
github.com/swcrbt/ai-ide/internal/fs/watcher.go:160.50,162.3 1 1
github.com/swcrbt/ai-ide/internal/fs/watcher.go:165.2,165.51 1 1
github.com/swcrbt/ai-ide/internal/fs/watcher.go:165.51,171.10 4 1
github.com/swcrbt/ai-ide/internal/fs/watcher.go:172.34,172.34 0 1
github.com/swcrbt/ai-ide/internal/fs/watcher.go:173.23,174.10 1 0
github.com/swcrbt/ai-ide/internal/fs/watcher.go:175.11,175.11 0 0
github.com/swcrbt/ai-ide/internal/fs/watcher.go:180.2,181.24 2 1
github.com/swcrbt/ai-ide/pkg/mcp/tools/codereview.go:14.42,16.2 1 1
github.com/swcrbt/ai-ide/pkg/mcp/tools/codereview.go:19.40,21.2 1 1
github.com/swcrbt/ai-ide/pkg/mcp/tools/codereview.go:24.47,26.2 1 1
github.com/swcrbt/ai-ide/pkg/mcp/tools/codereview.go:34.79,37.23 2 1
github.com/swcrbt/ai-ide/pkg/mcp/tools/codereview.go:37.23,39.3 1 1
github.com/swcrbt/ai-ide/pkg/mcp/tools/codereview.go:42.2,43.20 2 1
github.com/swcrbt/ai-ide/pkg/mcp/tools/codereview.go:43.20,45.3 1 1
github.com/swcrbt/ai-ide/pkg/mcp/tools/codereview.go:48.2,49.20 2 1
github.com/swcrbt/ai-ide/pkg/mcp/tools/codereview.go:61.61,63.75 1 1
github.com/swcrbt/ai-ide/pkg/mcp/tools/codereview.go:63.75,65.3 1 1
github.com/swcrbt/ai-ide/pkg/mcp/tools/codereview.go:66.2,66.111 1 0
github.com/swcrbt/ai-ide/pkg/mcp/tools/codereview.go:66.111,68.3 1 0
github.com/swcrbt/ai-ide/pkg/mcp/tools/codereview.go:69.2,69.67 1 0
github.com/swcrbt/ai-ide/pkg/mcp/tools/codereview.go:69.67,71.3 1 0
github.com/swcrbt/ai-ide/pkg/mcp/tools/codereview.go:72.2,72.70 1 0
github.com/swcrbt/ai-ide/pkg/mcp/tools/codereview.go:72.70,73.84 1 0
github.com/swcrbt/ai-ide/pkg/mcp/tools/codereview.go:73.84,75.4 1 0
github.com/swcrbt/ai-ide/pkg/mcp/tools/codereview.go:76.3,76.22 1 0
github.com/swcrbt/ai-ide/pkg/mcp/tools/codereview.go:78.2,78.37 1 0
github.com/swcrbt/ai-ide/pkg/mcp/tools/codereview.go:78.37,80.3 1 0
github.com/swcrbt/ai-ide/pkg/mcp/tools/codereview.go:81.2,81.40 1 0
github.com/swcrbt/ai-ide/pkg/mcp/tools/codereview.go:81.40,83.3 1 0
github.com/swcrbt/ai-ide/pkg/mcp/tools/codereview.go:84.2,84.18 1 0
github.com/swcrbt/ai-ide/pkg/mcp/tools/codereview.go:88.68,98.29 7 1
github.com/swcrbt/ai-ide/pkg/mcp/tools/codereview.go:98.29,102.20 3 1
github.com/swcrbt/ai-ide/pkg/mcp/tools/codereview.go:102.20,104.12 2 1
github.com/swcrbt/ai-ide/pkg/mcp/tools/codereview.go:108.3,108.41 1 1
github.com/swcrbt/ai-ide/pkg/mcp/tools/codereview.go:108.41,110.12 2 1
github.com/swcrbt/ai-ide/pkg/mcp/tools/codereview.go:113.3,116.22 2 1
github.com/swcrbt/ai-ide/pkg/mcp/tools/codereview.go:116.22,123.4 1 0
github.com/swcrbt/ai-ide/pkg/mcp/tools/codereview.go:126.3,131.44 4 1
github.com/swcrbt/ai-ide/pkg/mcp/tools/codereview.go:135.2,141.121 3 1
github.com/swcrbt/ai-ide/pkg/mcp/tools/codereview.go:145.68,146.18 1 1
github.com/swcrbt/ai-ide/pkg/mcp/tools/codereview.go:147.46,148.104 1 1
github.com/swcrbt/ai-ide/pkg/mcp/tools/codereview.go:149.16,150.106 1 0
github.com/swcrbt/ai-ide/pkg/mcp/tools/codereview.go:151.13,152.136 1 0
github.com/swcrbt/ai-ide/pkg/mcp/tools/codereview.go:153.10,154.71 1 0
github.com/swcrbt/ai-ide/pkg/mcp/tools/codereview.go:159.109,162.18 2 1
github.com/swcrbt/ai-ide/pkg/mcp/tools/codereview.go:163.12,164.61 1 1
github.com/swcrbt/ai-ide/pkg/mcp/tools/codereview.go:165.20,166.69 1 1
github.com/swcrbt/ai-ide/pkg/mcp/tools/codereview.go:167.16,168.65 1 0
github.com/swcrbt/ai-ide/pkg/mcp/tools/codereview.go:171.2,171.15 1 1
github.com/swcrbt/ai-ide/pkg/mcp/tools/codereview.go:175.78,179.97 2 1
github.com/swcrbt/ai-ide/pkg/mcp/tools/codereview.go:179.97,182.109 2 1
github.com/swcrbt/ai-ide/pkg/mcp/tools/codereview.go:182.110,184.4 0 1
github.com/swcrbt/ai-ide/pkg/mcp/tools/codereview.go:188.2,188.74 1 1
github.com/swcrbt/ai-ide/pkg/mcp/tools/codereview.go:188.74,189.37 1 0
github.com/swcrbt/ai-ide/pkg/mcp/tools/codereview.go:189.37,196.4 1 0
github.com/swcrbt/ai-ide/pkg/mcp/tools/codereview.go:200.2,200.43 1 1
github.com/swcrbt/ai-ide/pkg/mcp/tools/codereview.go:200.43,207.3 1 1
github.com/swcrbt/ai-ide/pkg/mcp/tools/codereview.go:210.2,210.68 1 1
github.com/swcrbt/ai-ide/pkg/mcp/tools/codereview.go:210.68,212.40 1 1
github.com/swcrbt/ai-ide/pkg/mcp/tools/codereview.go:212.40,219.4 1 1
github.com/swcrbt/ai-ide/pkg/mcp/tools/codereview.go:222.2,222.15 1 1
github.com/swcrbt/ai-ide/pkg/mcp/tools/codereview.go:226.86,230.101 2 1
github.com/swcrbt/ai-ide/pkg/mcp/tools/codereview.go:230.101,237.3 1 1
github.com/swcrbt/ai-ide/pkg/mcp/tools/codereview.go:240.2,240.37 1 1
github.com/swcrbt/ai-ide/pkg/mcp/tools/codereview.go:240.37,247.3 1 1
github.com/swcrbt/ai-ide/pkg/mcp/tools/codereview.go:250.2,250.43 1 1
github.com/swcrbt/ai-ide/pkg/mcp/tools/codereview.go:250.43,257.3 1 1
github.com/swcrbt/ai-ide/pkg/mcp/tools/codereview.go:260.2,260.37 1 1
github.com/swcrbt/ai-ide/pkg/mcp/tools/codereview.go:260.37,267.3 1 1
github.com/swcrbt/ai-ide/pkg/mcp/tools/codereview.go:269.2,269.15 1 1
github.com/swcrbt/ai-ide/pkg/mcp/tools/codereview.go:273.82,277.87 2 0
github.com/swcrbt/ai-ide/pkg/mcp/tools/codereview.go:277.87,284.3 1 0
github.com/swcrbt/ai-ide/pkg/mcp/tools/codereview.go:287.2,287.39 1 0
github.com/swcrbt/ai-ide/pkg/mcp/tools/codereview.go:287.39,294.3 1 0
github.com/swcrbt/ai-ide/pkg/mcp/tools/codereview.go:297.2,297.102 1 0
github.com/swcrbt/ai-ide/pkg/mcp/tools/codereview.go:297.102,304.3 1 0
github.com/swcrbt/ai-ide/pkg/mcp/tools/codereview.go:306.2,306.15 1 0
github.com/swcrbt/ai-ide/pkg/mcp/tools/codereview.go:310.83,315.120 3 1
github.com/swcrbt/ai-ide/pkg/mcp/tools/codereview.go:315.120,322.3 1 0
github.com/swcrbt/ai-ide/pkg/mcp/tools/codereview.go:325.2,327.44 3 1
github.com/swcrbt/ai-ide/pkg/mcp/tools/codereview.go:327.44,328.74 1 1
github.com/swcrbt/ai-ide/pkg/mcp/tools/codereview.go:328.74,330.62 1 0
github.com/swcrbt/ai-ide/pkg/mcp/tools/codereview.go:330.62,337.10 2 0
github.com/swcrbt/ai-ide/pkg/mcp/tools/codereview.go:343.2,344.26 2 1
github.com/swcrbt/ai-ide/pkg/mcp/tools/codereview.go:344.26,345.30 1 1
github.com/swcrbt/ai-ide/pkg/mcp/tools/codereview.go:345.30,347.4 1 0
github.com/swcrbt/ai-ide/pkg/mcp/tools/codereview.go:347.9,348.9 1 1
github.com/swcrbt/ai-ide/pkg/mcp/tools/codereview.go:351.2,351.22 1 1
github.com/swcrbt/ai-ide/pkg/mcp/tools/codereview.go:351.22,358.3 1 0
github.com/swcrbt/ai-ide/pkg/mcp/tools/codereview.go:360.2,360.15 1 1
github.com/swcrbt/ai-ide/pkg/mcp/tools/codereview.go:364.73,369.44 3 1
github.com/swcrbt/ai-ide/pkg/mcp/tools/codereview.go:369.44,372.3 1 1
github.com/swcrbt/ai-ide/pkg/mcp/tools/codereview.go:375.2,379.21 3 1
github.com/swcrbt/ai-ide/pkg/mcp/tools/codereview.go:379.21,381.3 1 0
github.com/swcrbt/ai-ide/pkg/mcp/tools/codereview.go:383.2,383.19 1 1
github.com/swcrbt/ai-ide/pkg/mcp/tools/codereview.go:387.122,391.19 2 1
github.com/swcrbt/ai-ide/pkg/mcp/tools/codereview.go:391.19,393.26 2 1
github.com/swcrbt/ai-ide/pkg/mcp/tools/codereview.go:393.26,395.4 1 1
github.com/swcrbt/ai-ide/pkg/mcp/tools/codereview.go:395.9,395.32 1 1
github.com/swcrbt/ai-ide/pkg/mcp/tools/codereview.go:395.32,397.4 1 0
github.com/swcrbt/ai-ide/pkg/mcp/tools/codereview.go:401.2,401.21 1 1
github.com/swcrbt/ai-ide/pkg/mcp/tools/codereview.go:401.21,403.3 1 0
github.com/swcrbt/ai-ide/pkg/mcp/tools/codereview.go:403.8,403.28 1 1
github.com/swcrbt/ai-ide/pkg/mcp/tools/codereview.go:403.28,405.3 1 0
github.com/swcrbt/ai-ide/pkg/mcp/tools/codereview.go:405.8,405.27 1 1
github.com/swcrbt/ai-ide/pkg/mcp/tools/codereview.go:405.27,407.3 1 0
github.com/swcrbt/ai-ide/pkg/mcp/tools/codereview.go:410.2,413.15 2 1
github.com/swcrbt/ai-ide/pkg/mcp/tools/codereview.go:413.15,415.3 1 0
github.com/swcrbt/ai-ide/pkg/mcp/tools/codereview.go:416.2,416.17 1 1
github.com/swcrbt/ai-ide/pkg/mcp/tools/codereview.go:416.17,418.3 1 0
github.com/swcrbt/ai-ide/pkg/mcp/tools/codereview.go:420.2,420.14 1 1
github.com/swcrbt/ai-ide/pkg/mcp/tools/codereview.go:424.167,444.17 14 1
github.com/swcrbt/ai-ide/pkg/mcp/tools/codereview.go:444.17,446.3 1 1
github.com/swcrbt/ai-ide/pkg/mcp/tools/codereview.go:446.8,446.24 1 1
github.com/swcrbt/ai-ide/pkg/mcp/tools/codereview.go:446.24,448.3 1 1
github.com/swcrbt/ai-ide/pkg/mcp/tools/codereview.go:448.8,448.24 1 0
github.com/swcrbt/ai-ide/pkg/mcp/tools/codereview.go:448.24,450.3 1 0
github.com/swcrbt/ai-ide/pkg/mcp/tools/codereview.go:450.8,452.3 1 0
github.com/swcrbt/ai-ide/pkg/mcp/tools/codereview.go:453.2,457.22 3 1
github.com/swcrbt/ai-ide/pkg/mcp/tools/codereview.go:457.22,459.3 1 0
github.com/swcrbt/ai-ide/pkg/mcp/tools/codereview.go:459.8,465.32 4 1
github.com/swcrbt/ai-ide/pkg/mcp/tools/codereview.go:465.32,466.26 1 1
github.com/swcrbt/ai-ide/pkg/mcp/tools/codereview.go:467.20,468.20 1 1
github.com/swcrbt/ai-ide/pkg/mcp/tools/codereview.go:469.19,470.19 1 1
github.com/swcrbt/ai-ide/pkg/mcp/tools/codereview.go:471.16,472.16 1 1
github.com/swcrbt/ai-ide/pkg/mcp/tools/codereview.go:476.3,478.32 2 1
github.com/swcrbt/ai-ide/pkg/mcp/tools/codereview.go:478.32,480.36 2 1
github.com/swcrbt/ai-ide/pkg/mcp/tools/codereview.go:480.36,482.5 1 1
github.com/swcrbt/ai-ide/pkg/mcp/tools/codereview.go:482.10,482.42 1 1
github.com/swcrbt/ai-ide/pkg/mcp/tools/codereview.go:482.42,484.5 1 1
github.com/swcrbt/ai-ide/pkg/mcp/tools/codereview.go:486.4,487.64 2 1
github.com/swcrbt/ai-ide/pkg/mcp/tools/codereview.go:492.2,494.34 3 1
github.com/swcrbt/ai-ide/pkg/mcp/tools/codereview.go:494.34,496.3 1 1
github.com/swcrbt/ai-ide/pkg/mcp/tools/codereview.go:498.2,501.25 3 1
github.com/swcrbt/ai-ide/pkg/mcp/tools/codereview.go:505.123,508.16 2 1
github.com/swcrbt/ai-ide/pkg/mcp/tools/codereview.go:508.16,510.3 1 0
github.com/swcrbt/ai-ide/pkg/mcp/tools/codereview.go:512.2,512.21 1 1
github.com/swcrbt/ai-ide/pkg/mcp/tools/codereview.go:512.21,514.3 1 0
github.com/swcrbt/ai-ide/pkg/mcp/tools/codereview.go:516.2,516.19 1 1
github.com/swcrbt/ai-ide/pkg/mcp/tools/codereview.go:516.19,518.26 2 1
github.com/swcrbt/ai-ide/pkg/mcp/tools/codereview.go:518.26,520.4 1 1
github.com/swcrbt/ai-ide/pkg/mcp/tools/codereview.go:523.2,523.22 1 1
github.com/swcrbt/ai-ide/pkg/mcp/tools/codereview.go:523.22,525.3 1 0
github.com/swcrbt/ai-ide/pkg/mcp/tools/codereview.go:527.2,527.27 1 1
github.com/swcrbt/ai-ide/pkg/mcp/tools/codereview.go:527.27,529.3 1 1
github.com/swcrbt/ai-ide/pkg/mcp/tools/codereview.go:531.2,531.20 1 1
github.com/swcrbt/ai-ide/pkg/mcp/tools/command.go:13.50,15.2 1 1
github.com/swcrbt/ai-ide/pkg/mcp/tools/command.go:18.44,20.2 1 1
github.com/swcrbt/ai-ide/pkg/mcp/tools/command.go:23.51,25.2 1 1
github.com/swcrbt/ai-ide/pkg/mcp/tools/command.go:32.83,35.30 2 1
github.com/swcrbt/ai-ide/pkg/mcp/tools/command.go:35.30,37.3 1 1
github.com/swcrbt/ai-ide/pkg/mcp/tools/command.go:40.2,42.27 2 1
github.com/swcrbt/ai-ide/pkg/mcp/tools/command.go:42.27,44.3 1 0
github.com/swcrbt/ai-ide/pkg/mcp/tools/command.go:46.2,46.59 1 1
github.com/swcrbt/ai-ide/pkg/mcp/tools/command.go:57.90,62.96 3 1
github.com/swcrbt/ai-ide/pkg/mcp/tools/command.go:62.96,73.3 2 1
github.com/swcrbt/ai-ide/pkg/mcp/tools/command.go:75.2,75.115 1 1
github.com/swcrbt/ai-ide/pkg/mcp/tools/command.go:75.115,86.3 2 1
github.com/swcrbt/ai-ide/pkg/mcp/tools/command.go:88.2,88.61 1 1
github.com/swcrbt/ai-ide/pkg/mcp/tools/command.go:88.61,94.3 1 1
github.com/swcrbt/ai-ide/pkg/mcp/tools/command.go:96.2,96.74 1 1
github.com/swcrbt/ai-ide/pkg/mcp/tools/command.go:96.74,102.3 1 0
github.com/swcrbt/ai-ide/pkg/mcp/tools/command.go:104.2,104.79 1 1
github.com/swcrbt/ai-ide/pkg/mcp/tools/command.go:104.79,115.3 2 1
github.com/swcrbt/ai-ide/pkg/mcp/tools/command.go:118.2,118.80 1 1
github.com/swcrbt/ai-ide/pkg/mcp/tools/command.go:118.80,129.3 2 1
github.com/swcrbt/ai-ide/pkg/mcp/tools/command.go:131.2,131.60 1 1
github.com/swcrbt/ai-ide/pkg/mcp/tools/command.go:131.60,142.3 2 0
github.com/swcrbt/ai-ide/pkg/mcp/tools/command.go:144.2,144.75 1 1
github.com/swcrbt/ai-ide/pkg/mcp/tools/command.go:144.75,155.3 2 1
github.com/swcrbt/ai-ide/pkg/mcp/tools/command.go:158.2,158.96 1 1
github.com/swcrbt/ai-ide/pkg/mcp/tools/command.go:158.96,159.54 1 1
github.com/swcrbt/ai-ide/pkg/mcp/tools/command.go:159.54,165.4 1 0
github.com/swcrbt/ai-ide/pkg/mcp/tools/command.go:166.3,166.61 1 1
github.com/swcrbt/ai-ide/pkg/mcp/tools/command.go:166.61,172.4 1 1
github.com/swcrbt/ai-ide/pkg/mcp/tools/command.go:173.3,173.54 1 1
github.com/swcrbt/ai-ide/pkg/mcp/tools/command.go:173.54,179.4 1 0
github.com/swcrbt/ai-ide/pkg/mcp/tools/command.go:180.3,184.5 1 1
github.com/swcrbt/ai-ide/pkg/mcp/tools/command.go:188.2,188.82 1 1
github.com/swcrbt/ai-ide/pkg/mcp/tools/command.go:188.82,204.3 3 0
github.com/swcrbt/ai-ide/pkg/mcp/tools/command.go:207.2,207.83 1 1
github.com/swcrbt/ai-ide/pkg/mcp/tools/command.go:207.83,218.3 2 1
github.com/swcrbt/ai-ide/pkg/mcp/tools/command.go:220.2,220.61 1 1
github.com/swcrbt/ai-ide/pkg/mcp/tools/command.go:220.61,226.3 1 0
github.com/swcrbt/ai-ide/pkg/mcp/tools/command.go:229.2,229.83 1 1
github.com/swcrbt/ai-ide/pkg/mcp/tools/command.go:229.83,235.3 1 1
github.com/swcrbt/ai-ide/pkg/mcp/tools/command.go:237.2,237.73 1 1
github.com/swcrbt/ai-ide/pkg/mcp/tools/command.go:237.73,248.3 2 0
github.com/swcrbt/ai-ide/pkg/mcp/tools/command.go:251.2,251.27 1 1
github.com/swcrbt/ai-ide/pkg/mcp/tools/command.go:251.27,257.3 1 0
github.com/swcrbt/ai-ide/pkg/mcp/tools/command.go:259.2,259.20 1 1
github.com/swcrbt/ai-ide/pkg/mcp/tools/command.go:263.52,264.35 1 1
github.com/swcrbt/ai-ide/pkg/mcp/tools/command.go:264.35,265.35 1 1
github.com/swcrbt/ai-ide/pkg/mcp/tools/command.go:265.35,267.4 1 1
github.com/swcrbt/ai-ide/pkg/mcp/tools/command.go:269.2,269.14 1 1
github.com/swcrbt/ai-ide/pkg/mcp/tools/command.go:273.108,279.34 4 1
github.com/swcrbt/ai-ide/pkg/mcp/tools/command.go:279.34,281.28 2 1
github.com/swcrbt/ai-ide/pkg/mcp/tools/command.go:281.28,283.4 1 1
github.com/swcrbt/ai-ide/pkg/mcp/tools/command.go:284.3,287.28 4 1
github.com/swcrbt/ai-ide/pkg/mcp/tools/command.go:290.2,293.25 3 1
github.com/swcrbt/ai-ide/pkg/mcp/tools/command.go:297.76,311.2 11 0
github.com/swcrbt/ai-ide/pkg/mcp/tools/computer.go:19.44,21.2 1 1
github.com/swcrbt/ai-ide/pkg/mcp/tools/computer.go:24.41,26.2 1 1
github.com/swcrbt/ai-ide/pkg/mcp/tools/computer.go:29.48,31.2 1 1
github.com/swcrbt/ai-ide/pkg/mcp/tools/computer.go:42.80,44.30 1 1
github.com/swcrbt/ai-ide/pkg/mcp/tools/computer.go:44.30,46.3 1 0
github.com/swcrbt/ai-ide/pkg/mcp/tools/computer.go:49.2,50.25 2 1
github.com/swcrbt/ai-ide/pkg/mcp/tools/computer.go:50.25,52.3 1 1
github.com/swcrbt/ai-ide/pkg/mcp/tools/computer.go:54.2,56.16 2 1
github.com/swcrbt/ai-ide/pkg/mcp/tools/computer.go:57.20,58.35 1 0
github.com/swcrbt/ai-ide/pkg/mcp/tools/computer.go:59.15,60.30 1 1
github.com/swcrbt/ai-ide/pkg/mcp/tools/computer.go:61.14,62.29 1 1
github.com/swcrbt/ai-ide/pkg/mcp/tools/computer.go:63.10,64.101 1 1
github.com/swcrbt/ai-ide/pkg/mcp/tools/computer.go:69.90,77.16 5 0
github.com/swcrbt/ai-ide/pkg/mcp/tools/computer.go:77.16,79.3 1 0
github.com/swcrbt/ai-ide/pkg/mcp/tools/computer.go:82.2,83.16 2 0
github.com/swcrbt/ai-ide/pkg/mcp/tools/computer.go:83.16,85.3 1 0
github.com/swcrbt/ai-ide/pkg/mcp/tools/computer.go:88.2,90.64 2 0
github.com/swcrbt/ai-ide/pkg/mcp/tools/computer.go:94.85,96.25 2 1
github.com/swcrbt/ai-ide/pkg/mcp/tools/computer.go:96.25,98.3 1 1
github.com/swcrbt/ai-ide/pkg/mcp/tools/computer.go:101.2,102.63 2 0
github.com/swcrbt/ai-ide/pkg/mcp/tools/computer.go:102.63,116.17 4 0
github.com/swcrbt/ai-ide/pkg/mcp/tools/computer.go:116.17,118.4 1 0
github.com/swcrbt/ai-ide/pkg/mcp/tools/computer.go:119.3,119.70 1 0
github.com/swcrbt/ai-ide/pkg/mcp/tools/computer.go:123.2,131.16 4 0
github.com/swcrbt/ai-ide/pkg/mcp/tools/computer.go:131.16,133.3 1 0
github.com/swcrbt/ai-ide/pkg/mcp/tools/computer.go:135.2,135.57 1 0
github.com/swcrbt/ai-ide/pkg/mcp/tools/computer.go:139.84,142.24 3 1
github.com/swcrbt/ai-ide/pkg/mcp/tools/computer.go:142.24,144.3 1 1
github.com/swcrbt/ai-ide/pkg/mcp/tools/computer.go:146.2,147.31 2 0
github.com/swcrbt/ai-ide/pkg/mcp/tools/computer.go:147.31,156.3 1 0
github.com/swcrbt/ai-ide/pkg/mcp/tools/computer.go:156.8,163.3 1 0
github.com/swcrbt/ai-ide/pkg/mcp/tools/computer.go:165.2,167.16 3 0
github.com/swcrbt/ai-ide/pkg/mcp/tools/computer.go:167.16,169.3 1 0
github.com/swcrbt/ai-ide/pkg/mcp/tools/computer.go:171.2,171.31 1 0
github.com/swcrbt/ai-ide/pkg/mcp/tools/computer.go:171.31,173.3 1 0
github.com/swcrbt/ai-ide/pkg/mcp/tools/computer.go:174.2,174.46 1 0
github.com/swcrbt/ai-ide/pkg/mcp/tools/computer.go:178.45,183.2 3 0
github.com/swcrbt/ai-ide/pkg/mcp/tools/documentation.go:14.48,16.2 1 1
github.com/swcrbt/ai-ide/pkg/mcp/tools/documentation.go:19.43,21.2 1 1
github.com/swcrbt/ai-ide/pkg/mcp/tools/documentation.go:24.50,26.2 1 1
github.com/swcrbt/ai-ide/pkg/mcp/tools/documentation.go:37.82,40.19 2 1
github.com/swcrbt/ai-ide/pkg/mcp/tools/documentation.go:40.19,42.3 1 0
github.com/swcrbt/ai-ide/pkg/mcp/tools/documentation.go:43.2,45.17 2 1
github.com/swcrbt/ai-ide/pkg/mcp/tools/documentation.go:46.18,48.24 2 1
github.com/swcrbt/ai-ide/pkg/mcp/tools/documentation.go:48.24,50.4 1 0
github.com/swcrbt/ai-ide/pkg/mcp/tools/documentation.go:51.3,51.38 1 1
github.com/swcrbt/ai-ide/pkg/mcp/tools/documentation.go:52.16,53.39 1 1
github.com/swcrbt/ai-ide/pkg/mcp/tools/documentation.go:54.10,55.96 1 0
github.com/swcrbt/ai-ide/pkg/mcp/tools/documentation.go:75.79,82.25 3 1
github.com/swcrbt/ai-ide/pkg/mcp/tools/documentation.go:82.25,84.3 1 0
github.com/swcrbt/ai-ide/pkg/mcp/tools/documentation.go:87.2,93.31 6 1
github.com/swcrbt/ai-ide/pkg/mcp/tools/documentation.go:93.31,98.29 3 1
github.com/swcrbt/ai-ide/pkg/mcp/tools/documentation.go:98.29,100.40 2 1
github.com/swcrbt/ai-ide/pkg/mcp/tools/documentation.go:100.40,102.5 1 1
github.com/swcrbt/ai-ide/pkg/mcp/tools/documentation.go:103.4,103.29 1 1
github.com/swcrbt/ai-ide/pkg/mcp/tools/documentation.go:107.3,107.26 1 1
github.com/swcrbt/ai-ide/pkg/mcp/tools/documentation.go:107.26,109.35 2 1
github.com/swcrbt/ai-ide/pkg/mcp/tools/documentation.go:109.35,111.5 1 1
github.com/swcrbt/ai-ide/pkg/mcp/tools/documentation.go:112.4,112.29 1 1
github.com/swcrbt/ai-ide/pkg/mcp/tools/documentation.go:115.3,115.33 1 1
github.com/swcrbt/ai-ide/pkg/mcp/tools/documentation.go:118.2,118.30 1 1
github.com/swcrbt/ai-ide/pkg/mcp/tools/documentation.go:122.83,125.18 2 1
github.com/swcrbt/ai-ide/pkg/mcp/tools/documentation.go:126.12,127.41 1 1
github.com/swcrbt/ai-ide/pkg/mcp/tools/documentation.go:128.34,129.41 1 0
github.com/swcrbt/ai-ide/pkg/mcp/tools/documentation.go:130.16,131.45 1 0
github.com/swcrbt/ai-ide/pkg/mcp/tools/documentation.go:132.10,134.46 1 0
github.com/swcrbt/ai-ide/pkg/mcp/tools/documentation.go:137.2,137.18 1 1
github.com/swcrbt/ai-ide/pkg/mcp/tools/documentation.go:141.75,148.32 4 1
github.com/swcrbt/ai-ide/pkg/mcp/tools/documentation.go:148.32,149.21 1 1
github.com/swcrbt/ai-ide/pkg/mcp/tools/documentation.go:149.21,150.12 1 0
github.com/swcrbt/ai-ide/pkg/mcp/tools/documentation.go:153.3,169.5 6 1
github.com/swcrbt/ai-ide/pkg/mcp/tools/documentation.go:172.2,172.18 1 1
github.com/swcrbt/ai-ide/pkg/mcp/tools/documentation.go:176.77,178.40 2 1
github.com/swcrbt/ai-ide/pkg/mcp/tools/documentation.go:178.40,180.3 1 0
github.com/swcrbt/ai-ide/pkg/mcp/tools/documentation.go:183.2,184.29 2 1
github.com/swcrbt/ai-ide/pkg/mcp/tools/documentation.go:184.29,186.17 2 1
github.com/swcrbt/ai-ide/pkg/mcp/tools/documentation.go:186.17,187.12 1 0
github.com/swcrbt/ai-ide/pkg/mcp/tools/documentation.go:190.3,191.23 2 1
github.com/swcrbt/ai-ide/pkg/mcp/tools/documentation.go:191.23,196.4 1 1
github.com/swcrbt/ai-ide/pkg/mcp/tools/documentation.go:196.9,196.30 1 0
github.com/swcrbt/ai-ide/pkg/mcp/tools/documentation.go:196.30,201.4 1 0
github.com/swcrbt/ai-ide/pkg/mcp/tools/documentation.go:204.2,204.15 1 1
github.com/swcrbt/ai-ide/pkg/mcp/tools/documentation.go:208.72,212.22 3 1
github.com/swcrbt/ai-ide/pkg/mcp/tools/documentation.go:212.22,214.3 1 0
github.com/swcrbt/ai-ide/pkg/mcp/tools/documentation.go:217.2,217.78 1 1
github.com/swcrbt/ai-ide/pkg/mcp/tools/documentation.go:217.78,220.30 3 0
github.com/swcrbt/ai-ide/pkg/mcp/tools/documentation.go:220.30,222.18 2 0
github.com/swcrbt/ai-ide/pkg/mcp/tools/documentation.go:222.18,224.5 1 0
github.com/swcrbt/ai-ide/pkg/mcp/tools/documentation.go:226.8,229.3 1 1
github.com/swcrbt/ai-ide/pkg/mcp/tools/documentation.go:231.2,231.16 1 1
github.com/swcrbt/ai-ide/pkg/mcp/tools/documentation.go:235.75,245.35 3 0
github.com/swcrbt/ai-ide/pkg/mcp/tools/documentation.go:245.35,247.33 2 0
github.com/swcrbt/ai-ide/pkg/mcp/tools/documentation.go:247.33,248.22 1 0
github.com/swcrbt/ai-ide/pkg/mcp/tools/documentation.go:248.22,249.13 1 0
github.com/swcrbt/ai-ide/pkg/mcp/tools/documentation.go:252.4,263.6 4 0
github.com/swcrbt/ai-ide/pkg/mcp/tools/documentation.go:267.2,267.18 1 0
github.com/swcrbt/ai-ide/pkg/mcp/tools/documentation.go:271.77,273.40 2 0
github.com/swcrbt/ai-ide/pkg/mcp/tools/documentation.go:273.40,275.3 1 0
github.com/swcrbt/ai-ide/pkg/mcp/tools/documentation.go:277.2,278.29 2 0
github.com/swcrbt/ai-ide/pkg/mcp/tools/documentation.go:278.29,280.17 2 0
github.com/swcrbt/ai-ide/pkg/mcp/tools/documentation.go:280.17,281.12 1 0
github.com/swcrbt/ai-ide/pkg/mcp/tools/documentation.go:285.3,285.34 1 0
github.com/swcrbt/ai-ide/pkg/mcp/tools/documentation.go:285.34,288.4 2 0
github.com/swcrbt/ai-ide/pkg/mcp/tools/documentation.go:291.3,291.34 1 0
github.com/swcrbt/ai-ide/pkg/mcp/tools/documentation.go:291.34,297.4 2 0
github.com/swcrbt/ai-ide/pkg/mcp/tools/documentation.go:297.9,302.4 1 0
github.com/swcrbt/ai-ide/pkg/mcp/tools/documentation.go:305.2,305.15 1 0
github.com/swcrbt/ai-ide/pkg/mcp/tools/documentation.go:309.79,316.32 4 0
github.com/swcrbt/ai-ide/pkg/mcp/tools/documentation.go:316.32,317.21 1 0
github.com/swcrbt/ai-ide/pkg/mcp/tools/documentation.go:317.21,318.12 1 0
github.com/swcrbt/ai-ide/pkg/mcp/tools/documentation.go:321.3,332.5 4 0
github.com/swcrbt/ai-ide/pkg/mcp/tools/documentation.go:335.2,335.18 1 0
github.com/swcrbt/ai-ide/pkg/mcp/tools/documentation.go:339.81,341.40 2 0
github.com/swcrbt/ai-ide/pkg/mcp/tools/documentation.go:341.40,343.3 1 0
github.com/swcrbt/ai-ide/pkg/mcp/tools/documentation.go:345.2,346.29 2 0
github.com/swcrbt/ai-ide/pkg/mcp/tools/documentation.go:346.29,348.52 2 0
github.com/swcrbt/ai-ide/pkg/mcp/tools/documentation.go:348.52,349.12 1 0
github.com/swcrbt/ai-ide/pkg/mcp/tools/documentation.go:353.3,353.34 1 0
github.com/swcrbt/ai-ide/pkg/mcp/tools/documentation.go:353.34,356.4 2 0
github.com/swcrbt/ai-ide/pkg/mcp/tools/documentation.go:359.3,359.34 1 0
github.com/swcrbt/ai-ide/pkg/mcp/tools/documentation.go:359.34,365.4 2 0
github.com/swcrbt/ai-ide/pkg/mcp/tools/documentation.go:365.9,370.4 1 0
github.com/swcrbt/ai-ide/pkg/mcp/tools/documentation.go:373.2,373.15 1 0
github.com/swcrbt/ai-ide/pkg/mcp/tools/documentation.go:377.80,380.24 2 0
github.com/swcrbt/ai-ide/pkg/mcp/tools/documentation.go:380.24,382.3 1 0
github.com/swcrbt/ai-ide/pkg/mcp/tools/documentation.go:384.2,385.24 2 0
github.com/swcrbt/ai-ide/pkg/mcp/tools/documentation.go:385.24,387.3 1 0
github.com/swcrbt/ai-ide/pkg/mcp/tools/documentation.go:389.2,390.18 2 0
github.com/swcrbt/ai-ide/pkg/mcp/tools/documentation.go:394.64,395.75 1 1
github.com/swcrbt/ai-ide/pkg/mcp/tools/documentation.go:395.75,397.3 1 1
github.com/swcrbt/ai-ide/pkg/mcp/tools/documentation.go:398.2,398.36 1 0
github.com/swcrbt/ai-ide/pkg/mcp/tools/documentation.go:398.36,400.3 1 0
github.com/swcrbt/ai-ide/pkg/mcp/tools/documentation.go:401.2,401.77 1 0
github.com/swcrbt/ai-ide/pkg/mcp/tools/documentation.go:401.77,403.3 1 0
github.com/swcrbt/ai-ide/pkg/mcp/tools/documentation.go:404.2,404.70 1 0
github.com/swcrbt/ai-ide/pkg/mcp/tools/documentation.go:404.70,406.3 1 0
github.com/swcrbt/ai-ide/pkg/mcp/tools/documentation.go:407.2,407.18 1 0
github.com/swcrbt/ai-ide/pkg/mcp/tools/documentation.go:411.96,414.23 2 1
github.com/swcrbt/ai-ide/pkg/mcp/tools/documentation.go:414.23,416.3 1 0
github.com/swcrbt/ai-ide/pkg/mcp/tools/documentation.go:418.2,419.23 2 1
github.com/swcrbt/ai-ide/pkg/mcp/tools/documentation.go:419.23,421.3 1 1
github.com/swcrbt/ai-ide/pkg/mcp/tools/documentation.go:423.2,424.20 2 1
github.com/swcrbt/ai-ide/pkg/mcp/tools/documentation.go:424.20,426.3 1 1
github.com/swcrbt/ai-ide/pkg/mcp/tools/documentation.go:428.2,500.30 63 1
github.com/swcrbt/ai-ide/pkg/mcp/tools/feishu.go:19.38,25.2 1 1
github.com/swcrbt/ai-ide/pkg/mcp/tools/feishu.go:28.38,30.2 1 1
github.com/swcrbt/ai-ide/pkg/mcp/tools/feishu.go:33.45,35.2 1 1
github.com/swcrbt/ai-ide/pkg/mcp/tools/feishu.go:45.77,48.26 2 1
github.com/swcrbt/ai-ide/pkg/mcp/tools/feishu.go:48.26,50.3 1 1
github.com/swcrbt/ai-ide/pkg/mcp/tools/feishu.go:53.2,53.60 1 1
github.com/swcrbt/ai-ide/pkg/mcp/tools/feishu.go:53.60,55.3 1 1
github.com/swcrbt/ai-ide/pkg/mcp/tools/feishu.go:58.2,59.26 2 1
github.com/swcrbt/ai-ide/pkg/mcp/tools/feishu.go:59.26,61.3 1 1
github.com/swcrbt/ai-ide/pkg/mcp/tools/feishu.go:64.2,65.19 2 1
github.com/swcrbt/ai-ide/pkg/mcp/tools/feishu.go:65.19,67.3 1 0
github.com/swcrbt/ai-ide/pkg/mcp/tools/feishu.go:68.2,76.17 4 1
github.com/swcrbt/ai-ide/pkg/mcp/tools/feishu.go:77.14,78.44 1 0
github.com/swcrbt/ai-ide/pkg/mcp/tools/feishu.go:79.18,80.55 1 0
github.com/swcrbt/ai-ide/pkg/mcp/tools/feishu.go:81.10,82.94 1 1
github.com/swcrbt/ai-ide/pkg/mcp/tools/feishu.go:86.2,86.44 1 0
github.com/swcrbt/ai-ide/pkg/mcp/tools/feishu.go:90.80,97.2 1 0
github.com/swcrbt/ai-ide/pkg/mcp/tools/feishu.go:100.91,102.17 1 0
github.com/swcrbt/ai-ide/pkg/mcp/tools/feishu.go:102.17,104.3 1 0
github.com/swcrbt/ai-ide/pkg/mcp/tools/feishu.go:106.2,128.3 1 0
github.com/swcrbt/ai-ide/pkg/mcp/tools/feishu.go:132.97,135.16 2 0
github.com/swcrbt/ai-ide/pkg/mcp/tools/feishu.go:135.16,137.3 1 0
github.com/swcrbt/ai-ide/pkg/mcp/tools/feishu.go:140.2,141.16 2 0
github.com/swcrbt/ai-ide/pkg/mcp/tools/feishu.go:141.16,143.3 1 0
github.com/swcrbt/ai-ide/pkg/mcp/tools/feishu.go:146.2,150.16 3 0
github.com/swcrbt/ai-ide/pkg/mcp/tools/feishu.go:150.16,152.3 1 0
github.com/swcrbt/ai-ide/pkg/mcp/tools/feishu.go:153.2,161.69 3 0
github.com/swcrbt/ai-ide/pkg/mcp/tools/feishu.go:161.69,163.3 1 0
github.com/swcrbt/ai-ide/pkg/mcp/tools/feishu.go:166.2,170.24 4 0
github.com/swcrbt/ai-ide/pkg/mcp/tools/feishu.go:170.24,172.3 1 0
github.com/swcrbt/ai-ide/pkg/mcp/tools/feishu.go:172.8,174.3 1 0
github.com/swcrbt/ai-ide/pkg/mcp/tools/feishu.go:176.2,176.24 1 0
github.com/swcrbt/ai-ide/pkg/mcp/tools/feishu.go:176.24,178.3 1 0
github.com/swcrbt/ai-ide/pkg/mcp/tools/feishu.go:180.2,182.30 2 0
github.com/swcrbt/ai-ide/pkg/mcp/tools/grep.go:14.30,16.2 1 1
github.com/swcrbt/ai-ide/pkg/mcp/tools/grep.go:19.34,21.2 1 1
github.com/swcrbt/ai-ide/pkg/mcp/tools/grep.go:24.41,26.2 1 1
github.com/swcrbt/ai-ide/pkg/mcp/tools/grep.go:36.73,39.26 2 1
github.com/swcrbt/ai-ide/pkg/mcp/tools/grep.go:39.26,41.3 1 1
github.com/swcrbt/ai-ide/pkg/mcp/tools/grep.go:43.2,44.16 2 1
github.com/swcrbt/ai-ide/pkg/mcp/tools/grep.go:44.16,46.3 1 0
github.com/swcrbt/ai-ide/pkg/mcp/tools/grep.go:48.2,52.27 3 1
github.com/swcrbt/ai-ide/pkg/mcp/tools/grep.go:52.27,54.3 1 0
github.com/swcrbt/ai-ide/pkg/mcp/tools/grep.go:56.2,56.58 1 1
github.com/swcrbt/ai-ide/pkg/mcp/tools/grep.go:60.32,64.2 3 1
github.com/swcrbt/ai-ide/pkg/mcp/tools/grep.go:67.91,79.19 2 1
github.com/swcrbt/ai-ide/pkg/mcp/tools/grep.go:79.19,81.3 1 1
github.com/swcrbt/ai-ide/pkg/mcp/tools/grep.go:84.2,84.19 1 1
github.com/swcrbt/ai-ide/pkg/mcp/tools/grep.go:84.19,86.3 1 1
github.com/swcrbt/ai-ide/pkg/mcp/tools/grep.go:89.2,96.16 4 1
github.com/swcrbt/ai-ide/pkg/mcp/tools/grep.go:96.16,98.36 2 0
github.com/swcrbt/ai-ide/pkg/mcp/tools/grep.go:98.36,100.4 1 0
github.com/swcrbt/ai-ide/pkg/mcp/tools/grep.go:101.3,101.69 1 0
github.com/swcrbt/ai-ide/pkg/mcp/tools/grep.go:104.2,105.18 2 1
github.com/swcrbt/ai-ide/pkg/mcp/tools/grep.go:105.18,107.3 1 0
github.com/swcrbt/ai-ide/pkg/mcp/tools/grep.go:109.2,109.38 1 1
github.com/swcrbt/ai-ide/pkg/mcp/tools/grep.go:113.89,116.31 2 0
github.com/swcrbt/ai-ide/pkg/mcp/tools/grep.go:116.31,119.3 1 0
github.com/swcrbt/ai-ide/pkg/mcp/tools/grep.go:122.2,131.19 2 0
github.com/swcrbt/ai-ide/pkg/mcp/tools/grep.go:131.19,133.3 1 0
github.com/swcrbt/ai-ide/pkg/mcp/tools/grep.go:135.2,139.16 3 0
github.com/swcrbt/ai-ide/pkg/mcp/tools/grep.go:139.16,141.36 2 0
github.com/swcrbt/ai-ide/pkg/mcp/tools/grep.go:141.36,143.4 1 0
github.com/swcrbt/ai-ide/pkg/mcp/tools/grep.go:144.3,144.66 1 0
github.com/swcrbt/ai-ide/pkg/mcp/tools/grep.go:147.2,148.18 2 0
github.com/swcrbt/ai-ide/pkg/mcp/tools/grep.go:148.18,150.3 1 0
github.com/swcrbt/ai-ide/pkg/mcp/tools/grep.go:152.2,152.38 1 0
github.com/swcrbt/ai-ide/pkg/mcp/tools/grep.go:156.92,163.19 2 0
github.com/swcrbt/ai-ide/pkg/mcp/tools/grep.go:163.19,165.3 1 0
github.com/swcrbt/ai-ide/pkg/mcp/tools/grep.go:167.2,172.16 4 0
github.com/swcrbt/ai-ide/pkg/mcp/tools/grep.go:172.16,174.36 2 0
github.com/swcrbt/ai-ide/pkg/mcp/tools/grep.go:174.36,176.4 1 0
github.com/swcrbt/ai-ide/pkg/mcp/tools/grep.go:177.3,177.69 1 0
github.com/swcrbt/ai-ide/pkg/mcp/tools/grep.go:180.2,181.18 2 0
github.com/swcrbt/ai-ide/pkg/mcp/tools/grep.go:181.18,183.3 1 0
github.com/swcrbt/ai-ide/pkg/mcp/tools/grep.go:185.2,185.38 1 0
github.com/swcrbt/ai-ide/pkg/mcp/tools/grep.go:190.45,194.29 3 1
github.com/swcrbt/ai-ide/pkg/mcp/tools/grep.go:194.29,196.17 2 1
github.com/swcrbt/ai-ide/pkg/mcp/tools/grep.go:196.17,197.12 1 1
github.com/swcrbt/ai-ide/pkg/mcp/tools/grep.go:203.3,204.22 2 1
github.com/swcrbt/ai-ide/pkg/mcp/tools/grep.go:204.22,210.4 4 1
github.com/swcrbt/ai-ide/pkg/mcp/tools/grep.go:210.9,212.4 1 0
github.com/swcrbt/ai-ide/pkg/mcp/tools/grep.go:215.2,215.43 1 1
github.com/swcrbt/ai-ide/pkg/mcp/tools/grep.go:219.75,221.9 2 1
github.com/swcrbt/ai-ide/pkg/mcp/tools/grep.go:221.9,223.3 1 1
github.com/swcrbt/ai-ide/pkg/mcp/tools/grep.go:225.2,226.16 2 1
github.com/swcrbt/ai-ide/pkg/mcp/tools/interpreter.go:20.52,22.2 1 1
github.com/swcrbt/ai-ide/pkg/mcp/tools/interpreter.go:25.45,27.2 1 1
github.com/swcrbt/ai-ide/pkg/mcp/tools/interpreter.go:30.52,32.2 1 1
github.com/swcrbt/ai-ide/pkg/mcp/tools/interpreter.go:40.84,43.23 2 1
github.com/swcrbt/ai-ide/pkg/mcp/tools/interpreter.go:43.23,45.3 1 1
github.com/swcrbt/ai-ide/pkg/mcp/tools/interpreter.go:48.2,49.27 2 1
github.com/swcrbt/ai-ide/pkg/mcp/tools/interpreter.go:49.27,51.3 1 0
github.com/swcrbt/ai-ide/pkg/mcp/tools/interpreter.go:53.2,56.18 2 1
github.com/swcrbt/ai-ide/pkg/mcp/tools/interpreter.go:57.27,58.31 1 0
github.com/swcrbt/ai-ide/pkg/mcp/tools/interpreter.go:59.34,60.35 1 0
github.com/swcrbt/ai-ide/pkg/mcp/tools/interpreter.go:61.22,62.27 1 0
github.com/swcrbt/ai-ide/pkg/mcp/tools/interpreter.go:63.10,64.96 1 1
github.com/swcrbt/ai-ide/pkg/mcp/tools/interpreter.go:69.74,72.38 2 0
github.com/swcrbt/ai-ide/pkg/mcp/tools/interpreter.go:72.38,74.39 2 0
github.com/swcrbt/ai-ide/pkg/mcp/tools/interpreter.go:74.39,76.4 1 0
github.com/swcrbt/ai-ide/pkg/mcp/tools/interpreter.go:80.2,84.16 3 0
github.com/swcrbt/ai-ide/pkg/mcp/tools/interpreter.go:84.16,86.3 1 0
github.com/swcrbt/ai-ide/pkg/mcp/tools/interpreter.go:87.2,98.43 7 0
github.com/swcrbt/ai-ide/pkg/mcp/tools/interpreter.go:98.43,100.3 1 0
github.com/swcrbt/ai-ide/pkg/mcp/tools/interpreter.go:101.2,101.16 1 0
github.com/swcrbt/ai-ide/pkg/mcp/tools/interpreter.go:101.16,103.3 1 0
github.com/swcrbt/ai-ide/pkg/mcp/tools/interpreter.go:105.2,105.28 1 0
github.com/swcrbt/ai-ide/pkg/mcp/tools/interpreter.go:109.78,111.35 1 0
github.com/swcrbt/ai-ide/pkg/mcp/tools/interpreter.go:111.35,113.3 1 0
github.com/swcrbt/ai-ide/pkg/mcp/tools/interpreter.go:116.2,120.16 3 0
github.com/swcrbt/ai-ide/pkg/mcp/tools/interpreter.go:120.16,122.3 1 0
github.com/swcrbt/ai-ide/pkg/mcp/tools/interpreter.go:123.2,133.43 7 0
github.com/swcrbt/ai-ide/pkg/mcp/tools/interpreter.go:133.43,135.3 1 0
github.com/swcrbt/ai-ide/pkg/mcp/tools/interpreter.go:136.2,136.16 1 0
github.com/swcrbt/ai-ide/pkg/mcp/tools/interpreter.go:136.16,138.3 1 0
github.com/swcrbt/ai-ide/pkg/mcp/tools/interpreter.go:140.2,140.28 1 0
github.com/swcrbt/ai-ide/pkg/mcp/tools/interpreter.go:144.70,146.33 1 0
github.com/swcrbt/ai-ide/pkg/mcp/tools/interpreter.go:146.33,148.3 1 0
github.com/swcrbt/ai-ide/pkg/mcp/tools/interpreter.go:151.2,155.16 3 0
github.com/swcrbt/ai-ide/pkg/mcp/tools/interpreter.go:155.16,157.3 1 0
github.com/swcrbt/ai-ide/pkg/mcp/tools/interpreter.go:158.2,165.99 3 0
github.com/swcrbt/ai-ide/pkg/mcp/tools/interpreter.go:165.99,167.3 1 0
github.com/swcrbt/ai-ide/pkg/mcp/tools/interpreter.go:170.2,171.67 2 0
github.com/swcrbt/ai-ide/pkg/mcp/tools/interpreter.go:171.67,173.3 1 0
github.com/swcrbt/ai-ide/pkg/mcp/tools/interpreter.go:176.2,184.43 7 0
github.com/swcrbt/ai-ide/pkg/mcp/tools/interpreter.go:184.43,186.3 1 0
github.com/swcrbt/ai-ide/pkg/mcp/tools/interpreter.go:187.2,187.16 1 0
github.com/swcrbt/ai-ide/pkg/mcp/tools/interpreter.go:187.16,189.3 1 0
github.com/swcrbt/ai-ide/pkg/mcp/tools/interpreter.go:191.2,191.28 1 0
github.com/swcrbt/ai-ide/pkg/mcp/tools/interpreter.go:195.70,203.45 2 0
github.com/swcrbt/ai-ide/pkg/mcp/tools/interpreter.go:203.45,204.40 1 0
github.com/swcrbt/ai-ide/pkg/mcp/tools/interpreter.go:204.40,206.4 1 0
github.com/swcrbt/ai-ide/pkg/mcp/tools/interpreter.go:209.2,209.13 1 0
github.com/swcrbt/ai-ide/pkg/mcp/tools/interpreter.go:213.74,221.46 2 0
github.com/swcrbt/ai-ide/pkg/mcp/tools/interpreter.go:221.46,222.40 1 0
github.com/swcrbt/ai-ide/pkg/mcp/tools/interpreter.go:222.40,224.4 1 0
github.com/swcrbt/ai-ide/pkg/mcp/tools/interpreter.go:227.2,227.13 1 0
github.com/swcrbt/ai-ide/pkg/mcp/tools/interpreter.go:231.66,237.45 2 0
github.com/swcrbt/ai-ide/pkg/mcp/tools/interpreter.go:237.45,238.40 1 0
github.com/swcrbt/ai-ide/pkg/mcp/tools/interpreter.go:238.40,240.4 1 0
github.com/swcrbt/ai-ide/pkg/mcp/tools/interpreter.go:243.2,243.13 1 0
github.com/swcrbt/ai-ide/pkg/mcp/tools/interpreter.go:247.87,249.16 2 0
github.com/swcrbt/ai-ide/pkg/mcp/tools/interpreter.go:249.16,251.3 1 0
github.com/swcrbt/ai-ide/pkg/mcp/tools/interpreter.go:252.2,254.57 2 0
github.com/swcrbt/ai-ide/pkg/mcp/tools/interpreter.go:254.57,256.3 1 0
github.com/swcrbt/ai-ide/pkg/mcp/tools/interpreter.go:258.2,258.29 1 0
github.com/swcrbt/ai-ide/pkg/mcp/tools/interpreter.go:262.67,265.2 2 0
github.com/swcrbt/ai-ide/pkg/mcp/tools/interpreter.go:268.59,273.24 3 0
github.com/swcrbt/ai-ide/pkg/mcp/tools/interpreter.go:273.24,279.34 1 0
github.com/swcrbt/ai-ide/pkg/mcp/tools/interpreter.go:279.34,281.4 1 0
github.com/swcrbt/ai-ide/pkg/mcp/tools/interpreter.go:285.2,288.31 2 0
github.com/swcrbt/ai-ide/pkg/mcp/tools/interpreter.go:288.31,291.3 2 0
github.com/swcrbt/ai-ide/pkg/mcp/tools/interpreter.go:293.2,293.19 1 0
github.com/swcrbt/ai-ide/pkg/mcp/tools/permission.go:27.52,29.2 1 1
github.com/swcrbt/ai-ide/pkg/mcp/tools/permission.go:32.45,34.2 1 1
github.com/swcrbt/ai-ide/pkg/mcp/tools/permission.go:37.52,39.2 1 1
github.com/swcrbt/ai-ide/pkg/mcp/tools/permission.go:48.84,51.28 2 1
github.com/swcrbt/ai-ide/pkg/mcp/tools/permission.go:51.28,53.3 1 1
github.com/swcrbt/ai-ide/pkg/mcp/tools/permission.go:55.2,56.19 2 1
github.com/swcrbt/ai-ide/pkg/mcp/tools/permission.go:56.19,58.3 1 0
github.com/swcrbt/ai-ide/pkg/mcp/tools/permission.go:60.2,64.24 3 1
github.com/swcrbt/ai-ide/pkg/mcp/tools/permission.go:64.24,66.3 1 1
github.com/swcrbt/ai-ide/pkg/mcp/tools/permission.go:66.8,68.3 1 1
github.com/swcrbt/ai-ide/pkg/mcp/tools/permission.go:71.2,71.70 1 1
github.com/swcrbt/ai-ide/pkg/mcp/tools/permission.go:75.79,87.40 4 1
github.com/swcrbt/ai-ide/pkg/mcp/tools/permission.go:87.40,88.43 1 1
github.com/swcrbt/ai-ide/pkg/mcp/tools/permission.go:88.43,90.63 1 1
github.com/swcrbt/ai-ide/pkg/mcp/tools/permission.go:90.63,92.5 1 1
github.com/swcrbt/ai-ide/pkg/mcp/tools/permission.go:93.4,93.19 1 1
github.com/swcrbt/ai-ide/pkg/mcp/tools/permission.go:98.2,106.40 2 1
github.com/swcrbt/ai-ide/pkg/mcp/tools/permission.go:106.40,107.43 1 1
github.com/swcrbt/ai-ide/pkg/mcp/tools/permission.go:107.43,109.4 1 1
github.com/swcrbt/ai-ide/pkg/mcp/tools/permission.go:113.2,120.42 2 1
github.com/swcrbt/ai-ide/pkg/mcp/tools/permission.go:120.42,121.43 1 1
github.com/swcrbt/ai-ide/pkg/mcp/tools/permission.go:121.43,123.4 1 1
github.com/swcrbt/ai-ide/pkg/mcp/tools/permission.go:127.2,127.44 1 1
github.com/swcrbt/ai-ide/pkg/mcp/tools/permission.go:127.44,129.3 1 0
github.com/swcrbt/ai-ide/pkg/mcp/tools/permission.go:131.2,131.44 1 1
github.com/swcrbt/ai-ide/pkg/mcp/tools/permission.go:131.44,133.3 1 0
github.com/swcrbt/ai-ide/pkg/mcp/tools/permission.go:136.2,136.16 1 1
github.com/swcrbt/ai-ide/pkg/mcp/tools/permission.go:140.64,153.43 3 1
github.com/swcrbt/ai-ide/pkg/mcp/tools/permission.go:153.43,154.41 1 1
github.com/swcrbt/ai-ide/pkg/mcp/tools/permission.go:154.41,156.4 1 1
github.com/swcrbt/ai-ide/pkg/mcp/tools/permission.go:159.2,159.14 1 1
github.com/swcrbt/ai-ide/pkg/mcp/tools/permission.go:163.52,175.35 2 1
github.com/swcrbt/ai-ide/pkg/mcp/tools/permission.go:175.35,176.41 1 1
github.com/swcrbt/ai-ide/pkg/mcp/tools/permission.go:176.41,178.4 1 0
github.com/swcrbt/ai-ide/pkg/mcp/tools/permission.go:181.2,181.14 1 1
github.com/swcrbt/ai-ide/pkg/mcp/tools/permission.go:185.52,195.35 2 1
github.com/swcrbt/ai-ide/pkg/mcp/tools/permission.go:195.35,196.41 1 1
github.com/swcrbt/ai-ide/pkg/mcp/tools/permission.go:196.41,198.4 1 0
github.com/swcrbt/ai-ide/pkg/mcp/tools/permission.go:201.2,201.14 1 1
github.com/swcrbt/ai-ide/pkg/mcp/tools/permission.go:205.110,223.19 10 1
github.com/swcrbt/ai-ide/pkg/mcp/tools/permission.go:224.20,232.49 8 1
github.com/swcrbt/ai-ide/pkg/mcp/tools/permission.go:234.16,240.58 6 1
github.com/swcrbt/ai-ide/pkg/mcp/tools/permission.go:242.18,247.55 5 1
github.com/swcrbt/ai-ide/pkg/mcp/tools/permission.go:249.15,251.88 2 1
github.com/swcrbt/ai-ide/pkg/mcp/tools/permission.go:254.2,257.25 3 1
github.com/swcrbt/ai-ide/pkg/mcp/tools/permission.go:261.71,262.15 1 1
github.com/swcrbt/ai-ide/pkg/mcp/tools/permission.go:263.20,264.35 1 1
github.com/swcrbt/ai-ide/pkg/mcp/tools/permission.go:265.16,266.28 1 1
github.com/swcrbt/ai-ide/pkg/mcp/tools/permission.go:267.18,268.30 1 1
github.com/swcrbt/ai-ide/pkg/mcp/tools/permission.go:269.15,270.27 1 1
github.com/swcrbt/ai-ide/pkg/mcp/tools/permission.go:271.10,272.23 1 0
github.com/swcrbt/ai-ide/pkg/mcp/tools/permission.go:277.74,278.15 1 1
github.com/swcrbt/ai-ide/pkg/mcp/tools/permission.go:279.20,284.16 1 1
github.com/swcrbt/ai-ide/pkg/mcp/tools/permission.go:286.16,291.16 1 1
github.com/swcrbt/ai-ide/pkg/mcp/tools/permission.go:293.18,298.16 1 1
github.com/swcrbt/ai-ide/pkg/mcp/tools/permission.go:300.15,304.22 1 1
github.com/swcrbt/ai-ide/pkg/mcp/tools/permission.go:306.10,307.30 1 0
github.com/swcrbt/ai-ide/pkg/mcp/tools/permission.go:313.50,317.2 3 1
github.com/swcrbt/ai-ide/pkg/mcp/tools/permission.go:321.65,324.2 2 1
github.com/swcrbt/ai-ide/pkg/mcp/tools/rtk.go:15.28,17.2 1 1
github.com/swcrbt/ai-ide/pkg/mcp/tools/rtk.go:20.33,22.2 1 1
github.com/swcrbt/ai-ide/pkg/mcp/tools/rtk.go:25.40,27.2 1 1
github.com/swcrbt/ai-ide/pkg/mcp/tools/rtk.go:36.72,39.26 2 1
github.com/swcrbt/ai-ide/pkg/mcp/tools/rtk.go:39.26,41.3 1 1
github.com/swcrbt/ai-ide/pkg/mcp/tools/rtk.go:44.2,45.37 2 1
github.com/swcrbt/ai-ide/pkg/mcp/tools/rtk.go:45.37,46.26 1 1
github.com/swcrbt/ai-ide/pkg/mcp/tools/rtk.go:47.12,48.16 1 1
github.com/swcrbt/ai-ide/pkg/mcp/tools/rtk.go:49.16,50.21 1 0
github.com/swcrbt/ai-ide/pkg/mcp/tools/rtk.go:51.15,52.34 1 0
github.com/swcrbt/ai-ide/pkg/mcp/tools/rtk.go:57.2,59.56 2 1
github.com/swcrbt/ai-ide/pkg/mcp/tools/rtk.go:63.99,66.24 2 1
github.com/swcrbt/ai-ide/pkg/mcp/tools/rtk.go:66.24,68.3 1 0
github.com/swcrbt/ai-ide/pkg/mcp/tools/rtk.go:70.2,75.22 4 1
github.com/swcrbt/ai-ide/pkg/mcp/tools/rtk.go:75.22,77.3 1 0
github.com/swcrbt/ai-ide/pkg/mcp/tools/rtk.go:80.2,84.35 3 1
github.com/swcrbt/ai-ide/pkg/mcp/tools/rtk.go:84.35,86.3 1 1
github.com/swcrbt/ai-ide/pkg/mcp/tools/rtk.go:89.2,94.21 3 1
github.com/swcrbt/ai-ide/pkg/mcp/tools/rtk.go:94.21,96.3 1 0
github.com/swcrbt/ai-ide/pkg/mcp/tools/rtk.go:98.2,98.23 1 1
github.com/swcrbt/ai-ide/pkg/mcp/tools/rtk.go:103.44,109.29 5 1
github.com/swcrbt/ai-ide/pkg/mcp/tools/rtk.go:109.29,110.13 1 1
github.com/swcrbt/ai-ide/pkg/mcp/tools/rtk.go:111.18,112.17 1 0
github.com/swcrbt/ai-ide/pkg/mcp/tools/rtk.go:112.17,115.5 2 0
github.com/swcrbt/ai-ide/pkg/mcp/tools/rtk.go:115.10,115.30 1 0
github.com/swcrbt/ai-ide/pkg/mcp/tools/rtk.go:115.30,118.5 2 0
github.com/swcrbt/ai-ide/pkg/mcp/tools/rtk.go:118.10,120.5 1 0
github.com/swcrbt/ai-ide/pkg/mcp/tools/rtk.go:121.18,122.16 1 1
github.com/swcrbt/ai-ide/pkg/mcp/tools/rtk.go:122.16,124.5 1 0
github.com/swcrbt/ai-ide/pkg/mcp/tools/rtk.go:124.10,125.26 1 1
github.com/swcrbt/ai-ide/pkg/mcp/tools/rtk.go:125.26,128.6 2 1
github.com/swcrbt/ai-ide/pkg/mcp/tools/rtk.go:130.11,131.25 1 1
github.com/swcrbt/ai-ide/pkg/mcp/tools/rtk.go:135.2,135.23 1 1
github.com/swcrbt/ai-ide/pkg/mcp/tools/rtk.go:135.23,137.3 1 1
github.com/swcrbt/ai-ide/pkg/mcp/tools/rtk.go:139.2,139.14 1 1
github.com/swcrbt/ai-ide/pkg/mcp/tools/rtk.go:143.90,146.30 2 1
github.com/swcrbt/ai-ide/pkg/mcp/tools/rtk.go:146.30,148.3 1 1
github.com/swcrbt/ai-ide/pkg/mcp/tools/rtk.go:151.2,151.17 1 1
github.com/swcrbt/ai-ide/pkg/mcp/tools/rtk.go:152.13,153.44 1 1
github.com/swcrbt/ai-ide/pkg/mcp/tools/rtk.go:154.19,155.34 1 1
github.com/swcrbt/ai-ide/pkg/mcp/tools/rtk.go:156.29,157.35 1 0
github.com/swcrbt/ai-ide/pkg/mcp/tools/rtk.go:158.12,159.43 1 0
github.com/swcrbt/ai-ide/pkg/mcp/tools/rtk.go:160.16,161.38 1 0
github.com/swcrbt/ai-ide/pkg/mcp/tools/rtk.go:162.10,163.39 1 1
github.com/swcrbt/ai-ide/pkg/mcp/tools/rtk.go:168.55,173.41 3 1
github.com/swcrbt/ai-ide/pkg/mcp/tools/rtk.go:173.41,174.30 1 1
github.com/swcrbt/ai-ide/pkg/mcp/tools/rtk.go:174.30,177.44 2 1
github.com/swcrbt/ai-ide/pkg/mcp/tools/rtk.go:177.44,178.13 1 0
github.com/swcrbt/ai-ide/pkg/mcp/tools/rtk.go:180.4,180.18 1 1
github.com/swcrbt/ai-ide/pkg/mcp/tools/rtk.go:180.18,181.13 1 1
github.com/swcrbt/ai-ide/pkg/mcp/tools/rtk.go:183.4,183.35 1 1
github.com/swcrbt/ai-ide/pkg/mcp/tools/rtk.go:185.3,185.44 1 1
github.com/swcrbt/ai-ide/pkg/mcp/tools/rtk.go:189.2,189.38 1 0
github.com/swcrbt/ai-ide/pkg/mcp/tools/rtk.go:189.38,191.3 1 0
github.com/swcrbt/ai-ide/pkg/mcp/tools/rtk.go:194.2,194.38 1 0
github.com/swcrbt/ai-ide/pkg/mcp/tools/rtk.go:198.45,202.29 3 1
github.com/swcrbt/ai-ide/pkg/mcp/tools/rtk.go:202.29,204.48 2 1
github.com/swcrbt/ai-ide/pkg/mcp/tools/rtk.go:204.48,205.12 1 1
github.com/swcrbt/ai-ide/pkg/mcp/tools/rtk.go:207.3,207.34 1 1
github.com/swcrbt/ai-ide/pkg/mcp/tools/rtk.go:210.2,210.43 1 1
github.com/swcrbt/ai-ide/pkg/mcp/tools/rtk.go:214.46,225.29 4 0
github.com/swcrbt/ai-ide/pkg/mcp/tools/rtk.go:225.29,227.17 2 0
github.com/swcrbt/ai-ide/pkg/mcp/tools/rtk.go:227.17,228.12 1 0
github.com/swcrbt/ai-ide/pkg/mcp/tools/rtk.go:232.3,233.44 2 0
github.com/swcrbt/ai-ide/pkg/mcp/tools/rtk.go:233.44,234.33 1 0
github.com/swcrbt/ai-ide/pkg/mcp/tools/rtk.go:234.33,236.10 2 0
github.com/swcrbt/ai-ide/pkg/mcp/tools/rtk.go:239.3,239.11 1 0
github.com/swcrbt/ai-ide/pkg/mcp/tools/rtk.go:239.11,240.12 1 0
github.com/swcrbt/ai-ide/pkg/mcp/tools/rtk.go:244.3,244.75 1 0
github.com/swcrbt/ai-ide/pkg/mcp/tools/rtk.go:244.75,245.12 1 0
github.com/swcrbt/ai-ide/pkg/mcp/tools/rtk.go:248.3,248.34 1 0
github.com/swcrbt/ai-ide/pkg/mcp/tools/rtk.go:251.2,251.43 1 0
github.com/swcrbt/ai-ide/pkg/mcp/tools/rtk.go:255.54,257.39 1 0
github.com/swcrbt/ai-ide/pkg/mcp/tools/rtk.go:257.39,261.30 3 0
github.com/swcrbt/ai-ide/pkg/mcp/tools/rtk.go:261.30,266.72 2 0
github.com/swcrbt/ai-ide/pkg/mcp/tools/rtk.go:266.72,268.13 2 0
github.com/swcrbt/ai-ide/pkg/mcp/tools/rtk.go:271.4,271.87 1 0
github.com/swcrbt/ai-ide/pkg/mcp/tools/rtk.go:271.87,272.13 1 0
github.com/swcrbt/ai-ide/pkg/mcp/tools/rtk.go:276.3,276.44 1 0
github.com/swcrbt/ai-ide/pkg/mcp/tools/rtk.go:279.2,279.38 1 0
github.com/swcrbt/ai-ide/pkg/mcp/tools/rtk.go:283.49,287.29 3 0
github.com/swcrbt/ai-ide/pkg/mcp/tools/rtk.go:287.29,289.17 2 0
github.com/swcrbt/ai-ide/pkg/mcp/tools/rtk.go:289.17,290.12 1 0
github.com/swcrbt/ai-ide/pkg/mcp/tools/rtk.go:294.3,295.117 1 0
github.com/swcrbt/ai-ide/pkg/mcp/tools/rtk.go:295.117,296.12 1 0
github.com/swcrbt/ai-ide/pkg/mcp/tools/rtk.go:299.3,299.34 1 0
github.com/swcrbt/ai-ide/pkg/mcp/tools/rtk.go:302.2,302.43 1 0
github.com/swcrbt/ai-ide/pkg/mcp/tools/rtk.go:306.50,312.29 5 1
github.com/swcrbt/ai-ide/pkg/mcp/tools/rtk.go:312.29,314.17 2 1
github.com/swcrbt/ai-ide/pkg/mcp/tools/rtk.go:314.17,315.12 1 1
github.com/swcrbt/ai-ide/pkg/mcp/tools/rtk.go:319.3,319.26 1 1
github.com/swcrbt/ai-ide/pkg/mcp/tools/rtk.go:319.26,320.12 1 0
github.com/swcrbt/ai-ide/pkg/mcp/tools/rtk.go:324.3,327.23 2 1
github.com/swcrbt/ai-ide/pkg/mcp/tools/rtk.go:327.23,329.27 2 0
github.com/swcrbt/ai-ide/pkg/mcp/tools/rtk.go:329.27,330.13 1 0
github.com/swcrbt/ai-ide/pkg/mcp/tools/rtk.go:332.9,335.4 2 1
github.com/swcrbt/ai-ide/pkg/mcp/tools/rtk.go:337.3,337.34 1 1
github.com/swcrbt/ai-ide/pkg/mcp/tools/rtk.go:340.2,340.43 1 1
github.com/swcrbt/ai-ide/pkg/mcp/tools/rtk.go:344.38,350.47 2 1
github.com/swcrbt/ai-ide/pkg/mcp/tools/rtk.go:350.47,351.40 1 1
github.com/swcrbt/ai-ide/pkg/mcp/tools/rtk.go:351.40,353.4 1 0
github.com/swcrbt/ai-ide/pkg/mcp/tools/rtk.go:356.2,356.14 1 1
github.com/swcrbt/ai-ide/pkg/mcp/tools/rtk.go:360.37,364.2 2 1
github.com/swcrbt/ai-ide/pkg/mcp/tools/rtk.go:368.53,370.28 2 1
github.com/swcrbt/ai-ide/pkg/mcp/tools/rtk.go:370.28,372.3 1 1
github.com/swcrbt/ai-ide/pkg/mcp/tools/rtk.go:374.2,375.32 2 1
github.com/swcrbt/ai-ide/pkg/mcp/tools/rtk.go:375.32,377.3 1 1
github.com/swcrbt/ai-ide/pkg/mcp/tools/rtk.go:379.2,380.24 2 1
github.com/swcrbt/ai-ide/pkg/mcp/tools/screenshot.go:17.42,19.2 1 1
github.com/swcrbt/ai-ide/pkg/mcp/tools/screenshot.go:22.40,24.2 1 1
github.com/swcrbt/ai-ide/pkg/mcp/tools/screenshot.go:27.47,29.2 1 1
github.com/swcrbt/ai-ide/pkg/mcp/tools/screenshot.go:40.79,42.30 1 1
github.com/swcrbt/ai-ide/pkg/mcp/tools/screenshot.go:42.30,44.3 1 0
github.com/swcrbt/ai-ide/pkg/mcp/tools/screenshot.go:47.2,47.35 1 1
github.com/swcrbt/ai-ide/pkg/mcp/tools/screenshot.go:47.35,49.3 1 0
github.com/swcrbt/ai-ide/pkg/mcp/tools/screenshot.go:52.2,53.16 2 1
github.com/swcrbt/ai-ide/pkg/mcp/tools/screenshot.go:53.16,55.3 1 0
github.com/swcrbt/ai-ide/pkg/mcp/tools/screenshot.go:58.2,63.14 4 1
github.com/swcrbt/ai-ide/pkg/mcp/tools/screenshot.go:64.14,66.37 1 0
github.com/swcrbt/ai-ide/pkg/mcp/tools/screenshot.go:67.16,69.43 1 0
github.com/swcrbt/ai-ide/pkg/mcp/tools/screenshot.go:70.19,72.37 1 0
github.com/swcrbt/ai-ide/pkg/mcp/tools/screenshot.go:73.10,74.99 1 1
github.com/swcrbt/ai-ide/pkg/mcp/tools/screenshot.go:78.2,80.16 3 0
github.com/swcrbt/ai-ide/pkg/mcp/tools/screenshot.go:80.16,82.3 1 0
github.com/swcrbt/ai-ide/pkg/mcp/tools/screenshot.go:85.2,86.16 2 0
github.com/swcrbt/ai-ide/pkg/mcp/tools/screenshot.go:86.16,88.3 1 0
github.com/swcrbt/ai-ide/pkg/mcp/tools/screenshot.go:91.2,93.64 2 0
github.com/swcrbt/ai-ide/pkg/mcp/tools/screenshot.go:97.58,101.2 3 1
github.com/swcrbt/ai-ide/pkg/mcp/tools/webfetch.go:20.38,26.2 1 1
github.com/swcrbt/ai-ide/pkg/mcp/tools/webfetch.go:29.38,31.2 1 1
github.com/swcrbt/ai-ide/pkg/mcp/tools/webfetch.go:34.45,36.2 1 1
github.com/swcrbt/ai-ide/pkg/mcp/tools/webfetch.go:44.77,47.22 2 1
github.com/swcrbt/ai-ide/pkg/mcp/tools/webfetch.go:47.22,49.3 1 1
github.com/swcrbt/ai-ide/pkg/mcp/tools/webfetch.go:52.2,52.79 1 1
github.com/swcrbt/ai-ide/pkg/mcp/tools/webfetch.go:52.79,54.3 1 1
github.com/swcrbt/ai-ide/pkg/mcp/tools/webfetch.go:57.2,58.38 2 1
github.com/swcrbt/ai-ide/pkg/mcp/tools/webfetch.go:58.38,59.26 1 1
github.com/swcrbt/ai-ide/pkg/mcp/tools/webfetch.go:60.12,61.17 1 1
github.com/swcrbt/ai-ide/pkg/mcp/tools/webfetch.go:62.16,63.22 1 0
github.com/swcrbt/ai-ide/pkg/mcp/tools/webfetch.go:64.15,65.35 1 0
github.com/swcrbt/ai-ide/pkg/mcp/tools/webfetch.go:69.2,69.42 1 1
github.com/swcrbt/ai-ide/pkg/mcp/tools/webfetch.go:73.83,76.16 2 1
github.com/swcrbt/ai-ide/pkg/mcp/tools/webfetch.go:76.16,78.3 1 0
github.com/swcrbt/ai-ide/pkg/mcp/tools/webfetch.go:81.2,86.16 5 1
github.com/swcrbt/ai-ide/pkg/mcp/tools/webfetch.go:86.16,88.3 1 0
github.com/swcrbt/ai-ide/pkg/mcp/tools/webfetch.go:89.2,92.38 2 1
github.com/swcrbt/ai-ide/pkg/mcp/tools/webfetch.go:92.38,94.3 1 0
github.com/swcrbt/ai-ide/pkg/mcp/tools/webfetch.go:97.2,98.16 2 1
github.com/swcrbt/ai-ide/pkg/mcp/tools/webfetch.go:98.16,100.3 1 0
github.com/swcrbt/ai-ide/pkg/mcp/tools/webfetch.go:103.2,108.22 3 1
github.com/swcrbt/ai-ide/pkg/mcp/tools/webfetch.go:113.41,125.17 8 1
github.com/swcrbt/ai-ide/pkg/mcp/tools/webfetch.go:125.17,129.3 3 1
github.com/swcrbt/ai-ide/pkg/mcp/tools/webfetch.go:132.2,147.19 6 1
github.com/swcrbt/ai-ide/pkg/mcp/tools/webfetch.go:147.19,151.3 3 1
github.com/swcrbt/ai-ide/pkg/mcp/tools/webfetch.go:153.2,156.15 3 1
github.com/swcrbt/ai-ide/pkg/mcp/tools/webfetch.go:160.41,165.2 3 1
github.com/swcrbt/ai-ide/pkg/mcp/tools/webfetch.go:168.49,172.23 4 1
github.com/swcrbt/ai-ide/pkg/mcp/tools/webfetch.go:172.23,174.3 1 1
github.com/swcrbt/ai-ide/pkg/mcp/tools/webfetch.go:175.2,175.11 1 1
github.com/swcrbt/ai-ide/pkg/mcp/tools/webfetch.go:179.62,181.26 1 1
github.com/swcrbt/ai-ide/pkg/mcp/tools/webfetch.go:181.26,188.66 5 1
github.com/swcrbt/ai-ide/pkg/mcp/tools/webfetch.go:188.66,191.21 3 1
github.com/swcrbt/ai-ide/pkg/mcp/tools/webfetch.go:191.21,193.5 1 1
github.com/swcrbt/ai-ide/pkg/mcp/tools/webfetch.go:194.4,194.13 1 1
github.com/swcrbt/ai-ide/pkg/mcp/tools/webfetch.go:198.2,198.13 1 1
github.com/swcrbt/ai-ide/pkg/mcp/tools/webfetch.go:202.65,206.65 2 1
github.com/swcrbt/ai-ide/pkg/mcp/tools/webfetch.go:206.65,209.20 3 1
github.com/swcrbt/ai-ide/pkg/mcp/tools/webfetch.go:209.20,211.4 1 1
github.com/swcrbt/ai-ide/pkg/mcp/tools/webfetch.go:212.3,212.12 1 1
github.com/swcrbt/ai-ide/pkg/mcp/tools/webfetch.go:216.2,217.68 2 1
github.com/swcrbt/ai-ide/pkg/mcp/tools/webfetch.go:217.68,220.41 3 1
github.com/swcrbt/ai-ide/pkg/mcp/tools/webfetch.go:220.41,222.4 1 0
github.com/swcrbt/ai-ide/pkg/mcp/tools/webfetch.go:223.3,223.12 1 1
github.com/swcrbt/ai-ide/pkg/mcp/tools/webfetch.go:226.2,226.13 1 1
github.com/swcrbt/ai-ide/pkg/mcp/tools/webfetch.go:230.60,234.65 2 1
github.com/swcrbt/ai-ide/pkg/mcp/tools/webfetch.go:234.65,236.24 2 1
github.com/swcrbt/ai-ide/pkg/mcp/tools/webfetch.go:236.24,240.32 4 1
github.com/swcrbt/ai-ide/pkg/mcp/tools/webfetch.go:240.32,242.5 1 1
github.com/swcrbt/ai-ide/pkg/mcp/tools/webfetch.go:244.3,244.15 1 0
github.com/swcrbt/ai-ide/pkg/mcp/tools/webfetch.go:247.2,247.13 1 1
github.com/swcrbt/ai-ide/pkg/mcp/tools/webfetch.go:251.65,254.72 2 1
github.com/swcrbt/ai-ide/pkg/mcp/tools/webfetch.go:254.72,256.24 2 0
github.com/swcrbt/ai-ide/pkg/mcp/tools/webfetch.go:256.24,259.4 2 0
github.com/swcrbt/ai-ide/pkg/mcp/tools/webfetch.go:260.3,260.15 1 0
github.com/swcrbt/ai-ide/pkg/mcp/tools/webfetch.go:264.2,265.69 2 1
github.com/swcrbt/ai-ide/pkg/mcp/tools/webfetch.go:265.69,267.24 2 1
github.com/swcrbt/ai-ide/pkg/mcp/tools/webfetch.go:267.24,270.4 2 1
github.com/swcrbt/ai-ide/pkg/mcp/tools/webfetch.go:271.3,271.15 1 0
github.com/swcrbt/ai-ide/pkg/mcp/tools/webfetch.go:275.2,276.68 2 1
github.com/swcrbt/ai-ide/pkg/mcp/tools/webfetch.go:276.68,278.24 2 0
github.com/swcrbt/ai-ide/pkg/mcp/tools/webfetch.go:278.24,281.4 2 0
github.com/swcrbt/ai-ide/pkg/mcp/tools/webfetch.go:282.3,282.15 1 0
github.com/swcrbt/ai-ide/pkg/mcp/tools/webfetch.go:285.2,285.13 1 1
github.com/swcrbt/ai-ide/pkg/mcp/tools/webfetch.go:289.60,292.67 2 1
github.com/swcrbt/ai-ide/pkg/mcp/tools/webfetch.go:292.67,294.24 2 1
github.com/swcrbt/ai-ide/pkg/mcp/tools/webfetch.go:294.24,297.31 3 1
github.com/swcrbt/ai-ide/pkg/mcp/tools/webfetch.go:297.31,299.5 1 1
github.com/swcrbt/ai-ide/pkg/mcp/tools/webfetch.go:300.4,300.34 1 1
github.com/swcrbt/ai-ide/pkg/mcp/tools/webfetch.go:302.3,302.15 1 0
github.com/swcrbt/ai-ide/pkg/mcp/tools/webfetch.go:306.2,307.67 2 1
github.com/swcrbt/ai-ide/pkg/mcp/tools/webfetch.go:307.67,309.24 2 1
github.com/swcrbt/ai-ide/pkg/mcp/tools/webfetch.go:309.24,312.31 3 1
github.com/swcrbt/ai-ide/pkg/mcp/tools/webfetch.go:312.31,314.5 1 1
github.com/swcrbt/ai-ide/pkg/mcp/tools/webfetch.go:315.4,315.34 1 1
github.com/swcrbt/ai-ide/pkg/mcp/tools/webfetch.go:317.3,317.15 1 0
github.com/swcrbt/ai-ide/pkg/mcp/tools/webfetch.go:320.2,320.13 1 1
github.com/swcrbt/ai-ide/pkg/mcp/tools/webfetch.go:324.45,329.32 4 1
github.com/swcrbt/ai-ide/pkg/mcp/tools/webfetch.go:329.32,330.22 1 1
github.com/swcrbt/ai-ide/pkg/mcp/tools/webfetch.go:330.22,333.18 3 1
github.com/swcrbt/ai-ide/pkg/mcp/tools/webfetch.go:333.18,335.5 1 1
github.com/swcrbt/ai-ide/pkg/mcp/tools/webfetch.go:339.2,339.14 1 1
github.com/swcrbt/ai-ide/pkg/mcp/tools/webfetch.go:343.40,360.2 12 1
github.com/swcrbt/ai-ide/pkg/mcp/tools/webfetch.go:363.43,371.2 5 1
github.com/swcrbt/ai-ide/pkg/mcp/tools/webfetch.go:374.42,382.29 5 1
github.com/swcrbt/ai-ide/pkg/mcp/tools/webfetch.go:382.29,384.17 2 1
github.com/swcrbt/ai-ide/pkg/mcp/tools/webfetch.go:384.17,386.4 1 1
github.com/swcrbt/ai-ide/pkg/mcp/tools/webfetch.go:386.9,388.4 1 1
github.com/swcrbt/ai-ide/pkg/mcp/tools/webfetch.go:391.2,391.43 1 1
github.com/swcrbt/ai-ide/pkg/mcp/tools/webfetch.go:396.56,397.31 1 1
github.com/swcrbt/ai-ide/pkg/mcp/tools/webfetch.go:397.31,399.3 1 1
github.com/swcrbt/ai-ide/pkg/mcp/tools/webfetch.go:402.2,407.31 5 1
github.com/swcrbt/ai-ide/pkg/mcp/tools/webfetch.go:407.31,409.3 1 0
github.com/swcrbt/ai-ide/pkg/mcp/tools/webfetch.go:409.8,409.36 1 1
github.com/swcrbt/ai-ide/pkg/mcp/tools/webfetch.go:409.36,411.3 1 1
github.com/swcrbt/ai-ide/pkg/mcp/tools/webfetch.go:413.2,413.136 1 1
github.com/swcrbt/ai-ide/pkg/mcp/tools/workflow.go:30.38,34.2 2 1
github.com/swcrbt/ai-ide/pkg/mcp/tools/workflow.go:37.39,38.17 1 1
github.com/swcrbt/ai-ide/pkg/mcp/tools/workflow.go:38.17,40.3 1 1
github.com/swcrbt/ai-ide/pkg/mcp/tools/workflow.go:43.2,44.16 2 1
github.com/swcrbt/ai-ide/pkg/mcp/tools/workflow.go:44.16,46.3 1 0
github.com/swcrbt/ai-ide/pkg/mcp/tools/workflow.go:49.2,50.51 2 1
github.com/swcrbt/ai-ide/pkg/mcp/tools/workflow.go:50.51,52.3 1 0
github.com/swcrbt/ai-ide/pkg/mcp/tools/workflow.go:54.2,56.16 3 1
github.com/swcrbt/ai-ide/pkg/mcp/tools/workflow.go:56.16,58.3 1 0
github.com/swcrbt/ai-ide/pkg/mcp/tools/workflow.go:60.2,73.16 4 1
github.com/swcrbt/ai-ide/pkg/mcp/tools/workflow.go:73.16,75.3 1 0
github.com/swcrbt/ai-ide/pkg/mcp/tools/workflow.go:77.2,77.12 1 1
github.com/swcrbt/ai-ide/pkg/mcp/tools/workflow.go:81.38,83.2 1 1
github.com/swcrbt/ai-ide/pkg/mcp/tools/workflow.go:86.45,88.2 1 1
github.com/swcrbt/ai-ide/pkg/mcp/tools/workflow.go:100.77,102.35 1 1
github.com/swcrbt/ai-ide/pkg/mcp/tools/workflow.go:102.35,104.3 1 0
github.com/swcrbt/ai-ide/pkg/mcp/tools/workflow.go:107.2,108.25 2 1
[...]
github.com/swcrbt/ai-ide/internal/ai/chat.go:101.47,106.33 4 1
github.com/swcrbt/ai-ide/internal/ai/chat.go:106.33,108.3 1 1
github.com/swcrbt/ai-ide/internal/ai/chat.go:109.2,109.13 1 1
github.com/swcrbt/ai-ide/internal/ai/chat.go:113.53,118.2 4 1
github.com/swcrbt/ai-ide/internal/ai/chat.go:121.63,126.9 4 1
github.com/swcrbt/ai-ide/internal/ai/chat.go:126.9,128.3 1 0
github.com/swcrbt/ai-ide/internal/ai/chat.go:130.2,130.59 1 1
github.com/swcrbt/ai-ide/internal/ai/chat.go:130.59,132.3 1 1
github.com/swcrbt/ai-ide/internal/ai/chat.go:134.2,136.12 3 1
github.com/swcrbt/ai-ide/internal/ai/chat.go:140.100,161.16 8 0
github.com/swcrbt/ai-ide/internal/ai/chat.go:161.16,163.3 1 0
github.com/swcrbt/ai-ide/internal/ai/chat.go:166.2,166.48 1 0
github.com/swcrbt/ai-ide/internal/ai/chat.go:170.121,173.12 2 0
github.com/swcrbt/ai-ide/internal/ai/chat.go:173.12,177.29 3 0
github.com/swcrbt/ai-ide/internal/ai/chat.go:177.29,178.11 1 0
github.com/swcrbt/ai-ide/internal/ai/chat.go:179.22,181.11 2 0
github.com/swcrbt/ai-ide/internal/ai/chat.go:182.12,182.12 0 0
github.com/swcrbt/ai-ide/internal/ai/chat.go:185.4,185.27 1 0
github.com/swcrbt/ai-ide/internal/ai/chat.go:185.27,187.5 1 0
github.com/swcrbt/ai-ide/internal/ai/chat.go:190.4,192.40 2 0
github.com/swcrbt/ai-ide/internal/ai/chat.go:192.40,193.10 1 0
github.com/swcrbt/ai-ide/internal/ai/chat.go:198.3,198.28 1 0
github.com/swcrbt/ai-ide/internal/ai/chat.go:198.28,208.4 6 0
github.com/swcrbt/ai-ide/internal/ai/chat.go:211.2,211.16 1 0
github.com/swcrbt/ai-ide/internal/ai/chat.go:215.59,219.28 3 0
github.com/swcrbt/ai-ide/internal/ai/chat.go:219.28,221.3 1 0
github.com/swcrbt/ai-ide/internal/ai/chat.go:224.2,225.29 2 0
github.com/swcrbt/ai-ide/internal/ai/chat.go:225.29,228.3 2 0
github.com/swcrbt/ai-ide/internal/ai/chat.go:229.2,232.30 2 0
github.com/swcrbt/ai-ide/internal/ai/chat.go:236.38,241.2 3 1
github.com/swcrbt/ai-ide/internal/ai/chat.go:244.45,248.2 3 1
github.com/swcrbt/ai-ide/internal/ai/chat.go:251.58,252.22 1 0
github.com/swcrbt/ai-ide/internal/ai/chat.go:252.22,254.3 1 0
github.com/swcrbt/ai-ide/internal/ai/chat.go:256.2,261.12 2 0
github.com/swcrbt/ai-ide/internal/ai/chat.go:265.47,266.22 1 1
github.com/swcrbt/ai-ide/internal/ai/chat.go:266.22,268.3 1 1
github.com/swcrbt/ai-ide/internal/ai/chat.go:270.2,276.12 2 0
github.com/swcrbt/ai-ide/internal/ai/chat.go:280.59,281.22 1 0
github.com/swcrbt/ai-ide/internal/ai/chat.go:281.22,283.3 1 0
github.com/swcrbt/ai-ide/internal/ai/chat.go:285.2,289.12 2 0
github.com/swcrbt/ai-ide/internal/ai/chat.go:293.49,294.22 1 0
github.com/swcrbt/ai-ide/internal/ai/chat.go:294.22,296.3 1 0
github.com/swcrbt/ai-ide/internal/ai/chat.go:298.2,303.16 2 0
github.com/swcrbt/ai-ide/internal/ai/chat.go:303.16,305.3 1 0
github.com/swcrbt/ai-ide/internal/ai/chat.go:306.2,312.18 5 0
github.com/swcrbt/ai-ide/internal/ai/chat.go:312.18,314.78 2 0
github.com/swcrbt/ai-ide/internal/ai/chat.go:314.78,315.12 1 0
github.com/swcrbt/ai-ide/internal/ai/chat.go:317.3,320.5 1 0
github.com/swcrbt/ai-ide/internal/ai/chat.go:323.2,323.19 1 0
github.com/swcrbt/ai-ide/internal/ai/chat.go:334.74,339.2 1 1
github.com/swcrbt/ai-ide/internal/ai/chat.go:342.69,344.16 2 1
github.com/swcrbt/ai-ide/internal/ai/chat.go:344.16,346.3 1 1
github.com/swcrbt/ai-ide/internal/ai/chat.go:348.2,352.21 4 1
github.com/swcrbt/ai-ide/internal/ai/chat.go:356.74,362.2 4 1
github.com/swcrbt/ai-ide/internal/ai/chat.go:365.56,370.2 3 1
github.com/swcrbt/ai-ide/internal/ai/chat.go:373.64,378.38 4 1
github.com/swcrbt/ai-ide/internal/ai/chat.go:378.38,387.3 1 1
github.com/swcrbt/ai-ide/internal/ai/chat.go:389.2,389.14 1 1
github.com/swcrbt/ai-ide/internal/ai/chat.go:393.61,394.22 1 0
github.com/swcrbt/ai-ide/internal/ai/chat.go:394.22,396.3 1 0
github.com/swcrbt/ai-ide/internal/ai/chat.go:398.2,402.16 2 0
github.com/swcrbt/ai-ide/internal/ai/chat.go:402.16,404.3 1 0
github.com/swcrbt/ai-ide/internal/ai/chat.go:405.2,410.18 4 0
github.com/swcrbt/ai-ide/internal/ai/chat.go:410.18,412.94 2 0
github.com/swcrbt/ai-ide/internal/ai/chat.go:412.94,413.12 1 0
github.com/swcrbt/ai-ide/internal/ai/chat.go:416.3,418.10 3 0
github.com/swcrbt/ai-ide/internal/ai/chat.go:418.10,419.12 1 0
github.com/swcrbt/ai-ide/internal/ai/chat.go:422.3,434.28 3 0
github.com/swcrbt/ai-ide/internal/ai/chat.go:437.2,437.19 1 0
github.com/swcrbt/ai-ide/internal/ai/chat.go:441.50,442.22 1 0
github.com/swcrbt/ai-ide/internal/ai/chat.go:442.22,444.3 1 0
github.com/swcrbt/ai-ide/internal/ai/chat.go:446.2,447.16 2 0
github.com/swcrbt/ai-ide/internal/ai/chat.go:447.16,449.3 1 0
github.com/swcrbt/ai-ide/internal/ai/chat.go:450.2,452.96 2 0
github.com/swcrbt/ai-ide/internal/ai/chat.go:452.96,454.3 1 0
github.com/swcrbt/ai-ide/internal/ai/chat.go:456.2,456.88 1 0
github.com/swcrbt/ai-ide/internal/ai/chat.go:456.88,458.3 1 0
github.com/swcrbt/ai-ide/internal/ai/chat.go:460.2,460.20 1 0
github.com/swcrbt/ai-ide/internal/ai/chat.go:464.78,465.22 1 0
github.com/swcrbt/ai-ide/internal/ai/chat.go:465.22,467.3 1 0
github.com/swcrbt/ai-ide/internal/ai/chat.go:469.2,474.16 2 0
github.com/swcrbt/ai-ide/internal/ai/chat.go:474.16,476.3 1 0
github.com/swcrbt/ai-ide/internal/ai/chat.go:477.2,480.18 3 0
github.com/swcrbt/ai-ide/internal/ai/chat.go:480.18,483.127 3 0
github.com/swcrbt/ai-ide/internal/ai/chat.go:483.127,484.12 1 0
github.com/swcrbt/ai-ide/internal/ai/chat.go:486.3,486.22 1 0
github.com/swcrbt/ai-ide/internal/ai/chat.go:486.22,488.4 1 0
github.com/swcrbt/ai-ide/internal/ai/chat.go:489.3,489.36 1 0
github.com/swcrbt/ai-ide/internal/ai/chat.go:492.2,492.28 1 0
github.com/swcrbt/ai-ide/internal/ai/client.go:31.52,38.2 1 1
github.com/swcrbt/ai-ide/internal/ai/client.go:41.54,43.2 1 1
github.com/swcrbt/ai-ide/internal/ai/client.go:46.48,48.2 1 1
github.com/swcrbt/ai-ide/internal/ai/client.go:51.52,53.2 1 1
github.com/swcrbt/ai-ide/internal/ai/client.go:56.47,62.2 5 1
github.com/swcrbt/ai-ide/internal/ai/client.go:65.101,67.21 1 1
github.com/swcrbt/ai-ide/internal/ai/client.go:67.21,69.3 1 0
github.com/swcrbt/ai-ide/internal/ai/client.go:70.2,74.16 3 1
github.com/swcrbt/ai-ide/internal/ai/client.go:74.16,76.3 1 0
github.com/swcrbt/ai-ide/internal/ai/client.go:79.2,80.16 2 1
github.com/swcrbt/ai-ide/internal/ai/client.go:80.16,82.3 1 0
github.com/swcrbt/ai-ide/internal/ai/client.go:83.2,87.16 3 1
github.com/swcrbt/ai-ide/internal/ai/client.go:87.16,89.3 1 0
github.com/swcrbt/ai-ide/internal/ai/client.go:92.2,92.38 1 1
github.com/swcrbt/ai-ide/internal/ai/client.go:92.38,96.3 3 1
github.com/swcrbt/ai-ide/internal/ai/client.go:99.2,99.46 1 1
github.com/swcrbt/ai-ide/internal/ai/client.go:103.75,106.52 2 1
github.com/swcrbt/ai-ide/internal/ai/client.go:106.52,107.18 1 1
github.com/swcrbt/ai-ide/internal/ai/client.go:107.18,109.4 1 1
github.com/swcrbt/ai-ide/internal/ai/client.go:111.3,112.17 2 1
github.com/swcrbt/ai-ide/internal/ai/client.go:112.17,115.29 2 1
github.com/swcrbt/ai-ide/internal/ai/client.go:115.29,116.13 1 1
github.com/swcrbt/ai-ide/internal/ai/client.go:118.4,118.51 1 1
github.com/swcrbt/ai-ide/internal/ai/client.go:122.3,122.29 1 1
github.com/swcrbt/ai-ide/internal/ai/client.go:122.29,125.12 3 1
github.com/swcrbt/ai-ide/internal/ai/client.go:128.3,128.19 1 1
github.com/swcrbt/ai-ide/internal/ai/client.go:131.2,131.87 1 0
github.com/swcrbt/ai-ide/internal/ai/client.go:135.39,136.16 1 1
github.com/swcrbt/ai-ide/internal/ai/client.go:136.16,138.3 1 1
github.com/swcrbt/ai-ide/internal/ai/client.go:139.2,148.36 3 1
github.com/swcrbt/ai-ide/internal/ai/client.go:148.36,149.57 1 1
github.com/swcrbt/ai-ide/internal/ai/client.go:149.57,151.4 1 1
github.com/swcrbt/ai-ide/internal/ai/client.go:153.2,153.14 1 1
github.com/swcrbt/ai-ide/internal/ai/client.go:157.95,160.12 2 1
github.com/swcrbt/ai-ide/internal/ai/client.go:160.12,167.7 5 1
github.com/swcrbt/ai-ide/internal/ai/client.go:167.7,168.11 1 1
github.com/swcrbt/ai-ide/internal/ai/client.go:169.22,171.11 2 1
github.com/swcrbt/ai-ide/internal/ai/client.go:172.12,172.12 0 1
github.com/swcrbt/ai-ide/internal/ai/client.go:175.4,176.18 2 1
github.com/swcrbt/ai-ide/internal/ai/client.go:176.18,177.22 1 1
github.com/swcrbt/ai-ide/internal/ai/client.go:177.22,179.31 1 1
github.com/swcrbt/ai-ide/internal/ai/client.go:179.31,181.7 1 1
github.com/swcrbt/ai-ide/internal/ai/client.go:182.6,183.12 2 1
github.com/swcrbt/ai-ide/internal/ai/client.go:185.5,186.11 2 0
github.com/swcrbt/ai-ide/internal/ai/client.go:189.4,192.18 2 1
github.com/swcrbt/ai-ide/internal/ai/client.go:192.18,193.30 1 1
github.com/swcrbt/ai-ide/internal/ai/client.go:193.30,196.6 2 1
github.com/swcrbt/ai-ide/internal/ai/client.go:197.5,197.13 1 1
github.com/swcrbt/ai-ide/internal/ai/client.go:201.4,201.41 1 1
github.com/swcrbt/ai-ide/internal/ai/client.go:201.41,203.30 2 1
github.com/swcrbt/ai-ide/internal/ai/client.go:203.30,205.6 1 0
github.com/swcrbt/ai-ide/internal/ai/client.go:206.5,206.34 1 1
github.com/swcrbt/ai-ide/internal/ai/client.go:212.2,212.18 1 1
github.com/swcrbt/ai-ide/internal/ai/client.go:216.78,218.41 1 1
github.com/swcrbt/ai-ide/internal/ai/client.go:218.41,221.3 2 1
github.com/swcrbt/ai-ide/internal/ai/client.go:224.2,225.61 2 1
github.com/swcrbt/ai-ide/internal/ai/client.go:225.61,228.3 2 1
github.com/swcrbt/ai-ide/internal/ai/client.go:231.2,231.29 1 1
github.com/swcrbt/ai-ide/internal/ai/client.go:231.29,233.3 1 1
github.com/swcrbt/ai-ide/internal/ai/client.go:236.2,236.39 1 1
github.com/swcrbt/ai-ide/internal/ai/client.go:236.39,237.33 1 1
github.com/swcrbt/ai-ide/internal/ai/client.go:237.33,239.4 1 1
github.com/swcrbt/ai-ide/internal/ai/client.go:240.3,240.63 1 1
github.com/swcrbt/ai-ide/internal/ai/client.go:240.63,242.4 1 1
github.com/swcrbt/ai-ide/internal/ai/client.go:247.110,248.21 1 1
github.com/swcrbt/ai-ide/internal/ai/client.go:248.21,250.3 1 0
github.com/swcrbt/ai-ide/internal/ai/client.go:251.2,254.16 3 1
github.com/swcrbt/ai-ide/internal/ai/client.go:254.16,256.3 1 0
github.com/swcrbt/ai-ide/internal/ai/client.go:258.2,259.16 2 1
github.com/swcrbt/ai-ide/internal/ai/client.go:259.16,261.3 1 0
github.com/swcrbt/ai-ide/internal/ai/client.go:263.2,268.16 5 1
github.com/swcrbt/ai-ide/internal/ai/client.go:268.16,270.3 1 1
github.com/swcrbt/ai-ide/internal/ai/client.go:271.2,273.38 2 1
github.com/swcrbt/ai-ide/internal/ai/client.go:273.38,276.3 2 1
github.com/swcrbt/ai-ide/internal/ai/client.go:278.2,279.67 2 1
github.com/swcrbt/ai-ide/internal/ai/client.go:279.67,281.3 1 1
github.com/swcrbt/ai-ide/internal/ai/client.go:283.2,283.21 1 1
github.com/swcrbt/ai-ide/internal/ai/client.go:287.66,298.2 3 1
github.com/swcrbt/ai-ide/internal/ai/provider.go:60.44,67.2 3 1
github.com/swcrbt/ai-ide/internal/ai/provider.go:70.43,71.71 1 1
github.com/swcrbt/ai-ide/internal/ai/provider.go:71.71,81.47 2 1
github.com/swcrbt/ai-ide/internal/ai/provider.go:81.47,82.50 1 1
github.com/swcrbt/ai-ide/internal/ai/provider.go:82.50,85.5 2 1
github.com/swcrbt/ai-ide/internal/ai/provider.go:88.3,88.32 1 1
github.com/swcrbt/ai-ide/internal/ai/provider.go:93.67,97.72 3 1
github.com/swcrbt/ai-ide/internal/ai/provider.go:97.72,99.3 1 1
github.com/swcrbt/ai-ide/internal/ai/provider.go:102.2,102.26 1 1
github.com/swcrbt/ai-ide/internal/ai/provider.go:102.26,104.3 1 1
github.com/swcrbt/ai-ide/internal/ai/provider.go:107.2,107.24 1 1
github.com/swcrbt/ai-ide/internal/ai/provider.go:107.24,109.3 1 1
github.com/swcrbt/ai-ide/internal/ai/provider.go:112.2,112.43 1 1
github.com/swcrbt/ai-ide/internal/ai/provider.go:112.43,113.54 1 0
github.com/swcrbt/ai-ide/internal/ai/provider.go:113.54,115.4 1 0
github.com/swcrbt/ai-ide/internal/ai/provider.go:119.2,119.80 1 1
github.com/swcrbt/ai-ide/internal/ai/provider.go:119.80,121.3 1 0
github.com/swcrbt/ai-ide/internal/ai/provider.go:123.2,124.12 2 1
github.com/swcrbt/ai-ide/internal/ai/provider.go:128.81,133.9 4 1
github.com/swcrbt/ai-ide/internal/ai/provider.go:133.9,135.3 1 1
github.com/swcrbt/ai-ide/internal/ai/provider.go:137.2,138.20 2 1
github.com/swcrbt/ai-ide/internal/ai/provider.go:142.68,147.36 4 1
github.com/swcrbt/ai-ide/internal/ai/provider.go:147.36,148.21 1 1
github.com/swcrbt/ai-ide/internal/ai/provider.go:148.21,151.4 2 1
github.com/swcrbt/ai-ide/internal/ai/provider.go:154.2,154.16 1 1
github.com/swcrbt/ai-ide/internal/ai/provider.go:159.71,164.36 4 1
github.com/swcrbt/ai-ide/internal/ai/provider.go:164.36,165.21 1 1
github.com/swcrbt/ai-ide/internal/ai/provider.go:165.21,168.4 2 1
github.com/swcrbt/ai-ide/internal/ai/provider.go:171.2,171.26 1 1
github.com/swcrbt/ai-ide/internal/ai/provider.go:171.26,173.3 1 1
github.com/swcrbt/ai-ide/internal/ai/provider.go:176.2,176.45 1 1
github.com/swcrbt/ai-ide/internal/ai/provider.go:176.45,178.3 1 1
github.com/swcrbt/ai-ide/internal/ai/provider.go:180.2,180.27 1 1
github.com/swcrbt/ai-ide/internal/ai/provider.go:184.59,188.2 3 1
github.com/swcrbt/ai-ide/internal/ai/provider.go:191.51,195.2 3 1
github.com/swcrbt/ai-ide/internal/ai/provider.go:198.64,203.36 4 1
github.com/swcrbt/ai-ide/internal/ai/provider.go:203.36,206.3 2 1
github.com/swcrbt/ai-ide/internal/ai/provider.go:209.2,209.38 1 1
github.com/swcrbt/ai-ide/internal/ai/provider.go:209.38,211.3 1 1
github.com/swcrbt/ai-ide/internal/ai/provider.go:213.2,213.12 1 1
github.com/swcrbt/ai-ide/internal/ai/provider.go:217.68,222.9 4 1
github.com/swcrbt/ai-ide/internal/ai/provider.go:222.9,224.3 1 0
github.com/swcrbt/ai-ide/internal/ai/provider.go:226.2,226.21 1 1
github.com/swcrbt/ai-ide/internal/ai/provider.go:226.21,228.3 1 1
github.com/swcrbt/ai-ide/internal/ai/provider.go:230.2,230.55 1 1
github.com/swcrbt/ai-ide/internal/ai/provider.go:230.55,232.3 1 0
github.com/swcrbt/ai-ide/internal/ai/provider.go:234.2,234.26 1 1
github.com/swcrbt/ai-ide/internal/ai/provider.go:234.26,236.3 1 0
github.com/swcrbt/ai-ide/internal/ai/provider.go:238.2,238.24 1 1
github.com/swcrbt/ai-ide/internal/ai/provider.go:238.24,240.3 1 0
github.com/swcrbt/ai-ide/internal/ai/provider.go:242.2,242.12 1 1
github.com/swcrbt/ai-ide/internal/ai/provider.go:246.60,250.44 3 1
github.com/swcrbt/ai-ide/internal/ai/provider.go:250.44,253.3 2 1
github.com/swcrbt/ai-ide/internal/ai/provider.go:257.46,263.2 4 1
github.com/swcrbt/ai-ide/internal/ai/subagent.go:81.60,89.2 1 1
github.com/swcrbt/ai-ide/internal/ai/subagent.go:92.52,93.11 1 1
github.com/swcrbt/ai-ide/internal/ai/subagent.go:93.11,95.3 1 1
github.com/swcrbt/ai-ide/internal/ai/subagent.go:99.66,104.2 4 1
github.com/swcrbt/ai-ide/internal/ai/subagent.go:107.69,109.2 1 1
github.com/swcrbt/ai-ide/internal/ai/subagent.go:112.66,133.2 6 1
github.com/swcrbt/ai-ide/internal/ai/subagent.go:136.69,141.2 4 1
github.com/swcrbt/ai-ide/internal/ai/subagent.go:144.56,149.40 4 1
github.com/swcrbt/ai-ide/internal/ai/subagent.go:149.40,151.3 1 1
github.com/swcrbt/ai-ide/internal/ai/subagent.go:152.2,152.15 1 1
github.com/swcrbt/ai-ide/internal/ai/subagent.go:156.92,160.2 3 0
github.com/swcrbt/ai-ide/internal/ai/subagent.go:163.95,171.16 6 1
github.com/swcrbt/ai-ide/internal/ai/subagent.go:171.16,172.47 1 1
github.com/swcrbt/ai-ide/internal/ai/subagent.go:172.47,174.4 1 1
github.com/swcrbt/ai-ide/internal/ai/subagent.go:174.9,176.4 1 1
github.com/swcrbt/ai-ide/internal/ai/subagent.go:177.8,179.3 1 1
github.com/swcrbt/ai-ide/internal/ai/subagent.go:183.110,184.9 1 1
github.com/swcrbt/ai-ide/internal/ai/subagent.go:191.4,191.4 0 1
github.com/swcrbt/ai-ide/internal/ai/subagent.go:192.10,192.10 0 0
github.com/swcrbt/ai-ide/internal/ai/subagent.go:199.85,215.40 9 1
github.com/swcrbt/ai-ide/internal/ai/subagent.go:215.40,217.3 1 0
github.com/swcrbt/ai-ide/internal/ai/subagent.go:219.2,239.16 7 1
github.com/swcrbt/ai-ide/internal/ai/subagent.go:239.16,243.3 3 1
github.com/swcrbt/ai-ide/internal/ai/subagent.go:246.2,247.27 2 1
github.com/swcrbt/ai-ide/internal/ai/subagent.go:247.27,249.3 1 1
github.com/swcrbt/ai-ide/internal/ai/subagent.go:251.2,252.136 2 1
github.com/swcrbt/ai-ide/internal/ai/subagent.go:256.98,261.2 3 1
github.com/swcrbt/ai-ide/internal/ai/subagent.go:265.91,266.24 1 1
github.com/swcrbt/ai-ide/internal/ai/subagent.go:266.24,268.3 1 0
github.com/swcrbt/ai-ide/internal/ai/subagent.go:271.2,272.29 2 1
github.com/swcrbt/ai-ide/internal/ai/subagent.go:272.29,275.3 2 1
github.com/swcrbt/ai-ide/internal/ai/subagent.go:278.2,284.37 4 1
github.com/swcrbt/ai-ide/internal/ai/subagent.go:284.37,286.25 2 1
github.com/swcrbt/ai-ide/internal/ai/subagent.go:286.25,291.17 3 1
github.com/swcrbt/ai-ide/internal/ai/subagent.go:291.17,291.32 1 1
github.com/swcrbt/ai-ide/internal/ai/subagent.go:294.4,294.53 1 1
github.com/swcrbt/ai-ide/internal/ai/subagent.go:299.2,301.18 2 1
github.com/swcrbt/ai-ide/internal/ai/subagent.go:305.123,306.24 1 1
github.com/swcrbt/ai-ide/internal/ai/subagent.go:306.24,308.3 1 0
github.com/swcrbt/ai-ide/internal/ai/subagent.go:311.2,312.29 2 1
github.com/swcrbt/ai-ide/internal/ai/subagent.go:312.29,315.3 2 1
github.com/swcrbt/ai-ide/internal/ai/subagent.go:318.2,321.37 3 1
github.com/swcrbt/ai-ide/internal/ai/subagent.go:321.37,323.25 2 1
github.com/swcrbt/ai-ide/internal/ai/subagent.go:323.25,326.11 2 1
github.com/swcrbt/ai-ide/internal/ai/subagent.go:327.22,331.11 3 1
github.com/swcrbt/ai-ide/internal/ai/subagent.go:332.12,332.12 0 1
github.com/swcrbt/ai-ide/internal/ai/subagent.go:336.4,336.11 1 1
github.com/swcrbt/ai-ide/internal/ai/subagent.go:337.33,337.33 0 1
github.com/swcrbt/ai-ide/internal/ai/subagent.go:338.22,341.11 3 0
github.com/swcrbt/ai-ide/internal/ai/subagent.go:343.4,343.17 1 1
github.com/swcrbt/ai-ide/internal/ai/subagent.go:343.17,343.32 1 1
github.com/swcrbt/ai-ide/internal/ai/subagent.go:346.4,347.42 2 1
github.com/swcrbt/ai-ide/internal/ai/subagent.go:347.42,349.45 2 1
github.com/swcrbt/ai-ide/internal/ai/subagent.go:349.45,351.6 1 1
github.com/swcrbt/ai-ide/internal/ai/subagent.go:354.4,358.35 3 1
github.com/swcrbt/ai-ide/internal/ai/subagent.go:363.2,365.18 2 1
github.com/swcrbt/ai-ide/internal/ai/subagent.go:369.72,381.41 4 1
github.com/swcrbt/ai-ide/internal/ai/subagent.go:381.41,396.17 8 1
github.com/swcrbt/ai-ide/internal/ai/subagent.go:397.24,399.51 2 1
github.com/swcrbt/ai-ide/internal/ai/subagent.go:400.21,402.45 2 1
github.com/swcrbt/ai-ide/internal/ai/subagent.go:403.22,405.49 2 0
github.com/swcrbt/ai-ide/internal/ai/subagent.go:409.2,409.15 1 1
github.com/swcrbt/ai-ide/internal/ai/subagent.go:445.52,447.2 1 1
github.com/swcrbt/ai-ide/internal/ai/subagent.go:450.55,451.18 1 1
github.com/swcrbt/ai-ide/internal/ai/subagent.go:451.18,453.3 1 1
github.com/swcrbt/ai-ide/internal/ai/subagent.go:454.2,454.65 1 1
github.com/swcrbt/ai-ide/internal/ai/subagent.go:466.28,477.23 4 1
github.com/swcrbt/ai-ide/internal/ai/subagent.go:477.23,481.3 2 1
github.com/swcrbt/ai-ide/internal/ai/subagent.go:483.2,483.15 1 1
github.com/swcrbt/ai-ide/internal/ai/subagent.go:487.36,489.2 1 1
github.com/swcrbt/ai-ide/internal/ai/subagent.go:492.47,496.2 3 1
github.com/swcrbt/ai-ide/internal/ai/subagent.go:499.39,503.2 3 1
github.com/swcrbt/ai-ide/internal/ai/subagent.go:506.37,510.2 3 1
github.com/swcrbt/ai-ide/internal/ai/subagent.go:513.34,517.2 3 1
github.com/swcrbt/ai-ide/internal/ai/types.go:24.35,25.11 1 1
github.com/swcrbt/ai-ide/internal/ai/types.go:26.20,27.16 1 1
github.com/swcrbt/ai-ide/internal/ai/types.go:28.19,29.15 1 1
github.com/swcrbt/ai-ide/internal/ai/types.go:30.24,31.20 1 1
github.com/swcrbt/ai-ide/internal/ai/types.go:32.25,33.21 1 1
github.com/swcrbt/ai-ide/internal/ai/types.go:34.22,35.18 1 1
github.com/swcrbt/ai-ide/internal/ai/types.go:36.22,37.18 1 1
github.com/swcrbt/ai-ide/internal/ai/types.go:38.10,39.19 1 1
github.com/swcrbt/ai-ide/internal/ai/types.go:44.53,45.11 1 1
github.com/swcrbt/ai-ide/internal/ai/types.go:46.14,47.27 1 1
github.com/swcrbt/ai-ide/internal/ai/types.go:48.13,49.26 1 1
github.com/swcrbt/ai-ide/internal/ai/types.go:50.18,51.31 1 1
github.com/swcrbt/ai-ide/internal/ai/types.go:52.19,53.32 1 1
github.com/swcrbt/ai-ide/internal/ai/types.go:54.16,55.29 1 1
github.com/swcrbt/ai-ide/internal/ai/types.go:56.16,57.29 1 1
github.com/swcrbt/ai-ide/internal/ai/types.go:58.10,59.65 1 1
